[    0.000000] Linux version 4.15.0-194-generic (buildd@lcy02-amd64-052) (gcc version 7.5.0 (Ubuntu 7.5.0-3ubuntu1~18.04)) #205-Ubuntu SMP Fri Sep 16 19:49:27 UTC 2022 (Ubuntu 4.15.0-194.205-generic 4.15.18)
[    0.000000] Command line: BOOT_IMAGE=/boot/vmlinuz-4.15.0-194-generic root=LABEL=cloudimg-rootfs ro console=tty1 console=ttyS0
[    0.000000] KERNEL supported cpus:
[    0.000000]   Intel GenuineIntel
[    0.000000]   AMD AuthenticAMD
[    0.000000]   Centaur CentaurHauls
[    0.000000] x86/fpu: Supporting XSAVE feature 0x001: 'x87 floating point registers'
[    0.000000] x86/fpu: Supporting XSAVE feature 0x002: 'SSE registers'
[    0.000000] x86/fpu: Supporting XSAVE feature 0x004: 'AVX registers'
[    0.000000] x86/fpu: xstate_offset[2]:  576, xstate_sizes[2]:  256
[    0.000000] x86/fpu: Enabled xstate features 0x7, context size is 832 bytes, using 'standard' format.
[    0.000000] e820: BIOS-provided physical RAM map:
[    0.000000] BIOS-e820: [mem 0x0000000000000000-0x000000000009fbff] usable
[    0.000000] BIOS-e820: [mem 0x000000000009fc00-0x000000000009ffff] reserved
[    0.000000] BIOS-e820: [mem 0x00000000000f0000-0x00000000000fffff] reserved
[    0.000000] BIOS-e820: [mem 0x0000000000100000-0x000000003ffeffff] usable
[    0.000000] BIOS-e820: [mem 0x000000003fff0000-0x000000003fffffff] ACPI data
[    0.000000] BIOS-e820: [mem 0x00000000fec00000-0x00000000fec00fff] reserved
[    0.000000] BIOS-e820: [mem 0x00000000fee00000-0x00000000fee00fff] reserved
[    0.000000] BIOS-e820: [mem 0x00000000fffc0000-0x00000000ffffffff] reserved
[    0.000000] NX (Execute Disable) protection: active
[    0.000000] SMBIOS 2.5 present.
[    0.000000] DMI: innotek GmbH VirtualBox/VirtualBox, BIOS VirtualBox 12/01/2006
[    0.000000] Hypervisor detected: KVM
[    0.000000] e820: last_pfn = 0x3fff0 max_arch_pfn = 0x400000000
[    0.000000] MTRR: Disabled
[    0.000000] x86/PAT: MTRRs disabled, skipping PAT initialization too.
[    0.000000] CPU MTRRs all blank - virtualized system.
[    0.000000] x86/PAT: Configuration [0-7]: WB  WT  UC- UC  WB  WT  UC- UC  
[    0.000000] found SMP MP-table at [mem 0x0009fff0-0x0009ffff]
[    0.000000] Scanning 1 areas for low memory corruption
[    0.000000] RAMDISK: [mem 0x359cb000-0x36cdcfff]
[    0.000000] ACPI: Early table checksum verification disabled
[    0.000000] ACPI: RSDP 0x00000000000E0000 000024 (v02 VBOX  )
[    0.000000] ACPI: XSDT 0x000000003FFF0030 00003C (v01 VBOX   VBOXXSDT 00000001 ASL  00000061)
[    0.000000] ACPI: FACP 0x000000003FFF00F0 0000F4 (v04 VBOX   VBOXFACP 00000001 ASL  00000061)
[    0.000000] ACPI: DSDT 0x000000003FFF0470 002325 (v02 VBOX   VBOXBIOS 00000002 INTL 20190509)
[    0.000000] ACPI: FACS 0x000000003FFF0200 000040
[    0.000000] ACPI: FACS 0x000000003FFF0200 000040
[    0.000000] ACPI: APIC 0x000000003FFF0240 00005C (v02 VBOX   VBOXAPIC 00000001 ASL  00000061)
[    0.000000] ACPI: SSDT 0x000000003FFF02A0 0001CC (v01 VBOX   VBOXCPUT 00000002 INTL 20190509)
[    0.000000] ACPI: Reserving FACP table memory at [mem 0x3fff00f0-0x3fff01e3]
[    0.000000] ACPI: Reserving DSDT table memory at [mem 0x3fff0470-0x3fff2794]
[    0.000000] ACPI: Reserving FACS table memory at [mem 0x3fff0200-0x3fff023f]
[    0.000000] ACPI: Reserving FACS table memory at [mem 0x3fff0200-0x3fff023f]
[    0.000000] ACPI: Reserving APIC table memory at [mem 0x3fff0240-0x3fff029b]
[    0.000000] ACPI: Reserving SSDT table memory at [mem 0x3fff02a0-0x3fff046b]
[    0.000000] No NUMA configuration found
[    0.000000] Faking a node at [mem 0x0000000000000000-0x000000003ffeffff]
[    0.000000] NODE_DATA(0) allocated [mem 0x3ffc5000-0x3ffeffff]
[    0.000000] kvm-clock: cpu 0, msr 0:3ff44001, primary cpu clock
[    0.000000] kvm-clock: Using msrs 4b564d01 and 4b564d00
[    0.000000] kvm-clock: using sched offset of 3162310792 cycles
[    0.000000] clocksource: kvm-clock: mask: 0xffffffffffffffff max_cycles: 0x1cd42e4dffb, max_idle_ns: 881590591483 ns
[    0.000000] Zone ranges:
[    0.000000]   DMA      [mem 0x0000000000001000-0x0000000000ffffff]
[    0.000000]   DMA32    [mem 0x0000000001000000-0x000000003ffeffff]
[    0.000000]   Normal   empty
[    0.000000]   Device   empty
[    0.000000] Movable zone start for each node
[    0.000000] Early memory node ranges
[    0.000000]   node   0: [mem 0x0000000000001000-0x000000000009efff]
[    0.000000]   node   0: [mem 0x0000000000100000-0x000000003ffeffff]
[    0.000000] Reserved but unavailable: 104 pages
[    0.000000] Initmem setup node 0 [mem 0x0000000000001000-0x000000003ffeffff]
[    0.000000] ACPI: PM-Timer IO Port: 0x4008
[    0.000000] IOAPIC[0]: apic_id 2, version 32, address 0xfec00000, GSI 0-23
[    0.000000] ACPI: INT_SRC_OVR (bus 0 bus_irq 0 global_irq 2 dfl dfl)
[    0.000000] ACPI: INT_SRC_OVR (bus 0 bus_irq 9 global_irq 9 low level)
[    0.000000] Using ACPI (MADT) for SMP configuration information
[    0.000000] smpboot: Allowing 2 CPUs, 0 hotplug CPUs
[    0.000000] PM: Registered nosave memory: [mem 0x00000000-0x00000fff]
[    0.000000] PM: Registered nosave memory: [mem 0x0009f000-0x0009ffff]
[    0.000000] PM: Registered nosave memory: [mem 0x000a0000-0x000effff]
[    0.000000] PM: Registered nosave memory: [mem 0x000f0000-0x000fffff]
[    0.000000] e820: [mem 0x40000000-0xfebfffff] available for PCI devices
[    0.000000] Booting paravirtualized kernel on KVM
[    0.000000] clocksource: refined-jiffies: mask: 0xffffffff max_cycles: 0xffffffff, max_idle_ns: 7645519600211568 ns
[    0.000000] setup_percpu: NR_CPUS:8192 nr_cpumask_bits:2 nr_cpu_ids:2 nr_node_ids:1
[    0.000000] percpu: Embedded 50 pages/cpu s167936 r8192 d28672 u1048576
[    0.000000] PV qspinlock hash table entries: 256 (order: 0, 4096 bytes)
[    0.000000] Built 1 zonelists, mobility grouping on.  Total pages: 257913
[    0.000000] Policy zone: DMA32
[    0.000000] Kernel command line: BOOT_IMAGE=/boot/vmlinuz-4.15.0-194-generic root=LABEL=cloudimg-rootfs ro console=tty1 console=ttyS0
[    0.000000] Memory: 982652K/1048120K available (12300K kernel code, 2477K rwdata, 4320K rodata, 2472K init, 2720K bss, 65468K reserved, 0K cma-reserved)
[    0.000000] SLUB: HWalign=64, Order=0-3, MinObjects=0, CPUs=2, Nodes=1
[    0.000000] Kernel/User page tables isolation: enabled
[    0.000000] ftrace: allocating 39477 entries in 155 pages
[    0.004000] Hierarchical RCU implementation.
[    0.004000] 	RCU restricting CPUs from NR_CPUS=8192 to nr_cpu_ids=2.
[    0.004000] 	Tasks RCU enabled.
[    0.004000] RCU: Adjusting geometry for rcu_fanout_leaf=16, nr_cpu_ids=2
[    0.004000] NR_IRQS: 524544, nr_irqs: 440, preallocated irqs: 16
[    0.004000] random: crng init done
[    0.004000] Console: colour VGA+ 80x25
[    0.004000] console [tty1] enabled
[    0.004000] console [ttyS0] enabled
[    0.004000] ACPI: Core revision 20170831
[    0.004000] ACPI: 2 ACPI AML tables successfully acquired and loaded
[    0.004000] APIC: Switch to symmetric I/O mode setup
[    0.004000] x2apic enabled
[    0.004000] Switched APIC routing to physical x2apic.
[    0.004000] ..TIMER: vector=0x30 apic1=0 pin1=2 apic2=-1 pin2=-1
[    0.004007] tsc: Detected 2803.198 MHz processor
[    0.004847] Calibrating delay loop (skipped) preset value.. 5606.39 BogoMIPS (lpj=11212792)
[    0.005448] pid_max: default: 32768 minimum: 301
[    0.006191] Security Framework initialized
[    0.008003] Yama: becoming mindful.
[    0.008556] AppArmor: AppArmor initialized
[    0.009891] Dentry cache hash table entries: 131072 (order: 8, 1048576 bytes)
[    0.011237] Inode-cache hash table entries: 65536 (order: 7, 524288 bytes)
[    0.012014] Mount-cache hash table entries: 2048 (order: 2, 16384 bytes)
[    0.013389] Mountpoint-cache hash table entries: 2048 (order: 2, 16384 bytes)
[    0.014808] Last level iTLB entries: 4KB 0, 2MB 0, 4MB 0
[    0.016003] Last level dTLB entries: 4KB 0, 2MB 0, 4MB 0, 1GB 0
[    0.016820] Spectre V1 : Mitigation: usercopy/swapgs barriers and __user pointer sanitization
[    0.017818] Spectre V2 : Mitigation: Retpolines
[    0.018649] Spectre V2 : Spectre v2 / SpectreRSB mitigation: Filling RSB on context switch
[    0.020001] Speculative Store Bypass: Vulnerable
[    0.020580] MDS: Mitigation: Clear CPU buffers
[    0.021221] Freeing SMP alternatives memory: 36K
[    0.132370] smpboot: CPU0: 11th Gen Intel(R) Core(TM) i7-1165G7 @ 2.80GHz (family: 0x6, model: 0x8c, stepping: 0x1)
[    0.134360] Performance Events: unsupported p6 CPU model 140 no PMU driver, software events only.
[    0.135289] Hierarchical SRCU implementation.
[    0.136000] NMI watchdog: Perf event create on CPU 0 failed with -2
[    0.136001] NMI watchdog: Perf NMI watchdog permanently disabled
[    0.136671] smp: Bringing up secondary CPUs ...
[    0.137214] x86: Booting SMP configuration:
[    0.137683] .... node  #0, CPUs:      #1
[    0.004000] kvm-clock: cpu 1, msr 0:3ff44041, secondary cpu clock
[    0.140016] smp: Brought up 1 node, 2 CPUs
[    0.140457] smpboot: Max logical packages: 1
[    0.140939] smpboot: Total of 2 processors activated (11212.79 BogoMIPS)
[    0.141954] devtmpfs: initialized
[    0.144041] x86/mm: Memory block size: 128MB
[    0.144600] evm: security.selinux
[    0.144982] evm: security.SMACK64
[    0.145372] evm: security.SMACK64EXEC
[    0.145791] evm: security.SMACK64TRANSMUTE
[    0.146252] evm: security.SMACK64MMAP
[    0.146672] evm: security.apparmor
[    0.147232] evm: security.ima
[    0.147629] evm: security.capability
[    0.148056] clocksource: jiffies: mask: 0xffffffff max_cycles: 0xffffffff, max_idle_ns: 7645041785100000 ns
[    0.149147] futex hash table entries: 512 (order: 3, 32768 bytes)
[    0.149893] pinctrl core: initialized pinctrl subsystem
[    0.151104] RTC time: 18:14:06, date: 11/04/22
[    0.152115] NET: Registered protocol family 16
[    0.152701] audit: initializing netlink subsys (disabled)
[    0.153317] audit: type=2000 audit(1667585650.869:1): state=initialized audit_enabled=0 res=1
[    0.153317] cpuidle: using governor ladder
[    0.153317] cpuidle: using governor menu
[    0.153317] ACPI: bus type PCI registered
[    0.153541] acpiphp: ACPI Hot Plug PCI Controller Driver version: 0.5
[    0.156080] PCI: Using configuration type 1 for base access
[    0.156779] HugeTLB registered 2.00 MiB page size, pre-allocated 0 pages
[    0.156779] ACPI: Added _OSI(Module Device)
[    0.157248] ACPI: Added _OSI(Processor Device)
[    0.158446] ACPI: Added _OSI(3.0 _SCP Extensions)
[    0.159721] ACPI: Added _OSI(Processor Aggregator Device)
[    0.160006] ACPI: Added _OSI(Linux-Dell-Video)
[    0.164001] ACPI: Added _OSI(Linux-Lenovo-NV-HDMI-Audio)
[    0.164648] ACPI: Added _OSI(Linux-HPI-Hybrid-Graphics)
[    0.165484] ACPI: Executed 1 blocks of module-level executable AML code
[    0.168931] ACPI: Interpreter enabled
[    0.169358] ACPI: (supports S0 S5)
[    0.169806] ACPI: Using IOAPIC for interrupt routing
[    0.170553] PCI: Using host bridge windows from ACPI; if necessary, use "pci=nocrs" and report a bug
[    0.171705] ACPI: Enabled 2 GPEs in block 00 to 07
[    0.175447] ACPI: PCI Root Bridge [PCI0] (domain 0000 [bus 00-ff])
[    0.176004] acpi PNP0A03:00: _OSC: OS supports [ASPM ClockPM Segments MSI]
[    0.177146] acpi PNP0A03:00: _OSC: not requesting OS control; OS requires [ExtendedConfig ASPM ClockPM MSI]
[    0.178288] acpi PNP0A03:00: fail to add MMCONFIG information, can't access extended PCI configuration space under this bridge.
[    0.180240] PCI host bridge to bus 0000:00
[    0.180725] pci_bus 0000:00: root bus resource [io  0x0000-0x0cf7 window]
[    0.181510] pci_bus 0000:00: root bus resource [io  0x0d00-0xffff window]
[    0.182292] pci_bus 0000:00: root bus resource [mem 0x000a0000-0x000bffff window]
[    0.183180] pci_bus 0000:00: root bus resource [mem 0x40000000-0xfdffffff window]
[    0.184002] pci_bus 0000:00: root bus resource [bus 00-ff]
[    0.185792] pci 0000:00:01.1: legacy IDE quirk: reg 0x10: [io  0x01f0-0x01f7]
[    0.186575] pci 0000:00:01.1: legacy IDE quirk: reg 0x14: [io  0x03f6]
[    0.187206] pci 0000:00:01.1: legacy IDE quirk: reg 0x18: [io  0x0170-0x0177]
[    0.188001] pci 0000:00:01.1: legacy IDE quirk: reg 0x1c: [io  0x0376]
[    0.195604] pci 0000:00:07.0: quirk: [io  0x4000-0x403f] claimed by PIIX4 ACPI
[    0.196011] pci 0000:00:07.0: quirk: [io  0x4100-0x410f] claimed by PIIX4 SMB
[    0.202166] ACPI: PCI Interrupt Link [LNKA] (IRQs 5 9 10 *11)
[    0.202985] ACPI: PCI Interrupt Link [LNKB] (IRQs 5 9 *10 11)
[    0.203749] ACPI: PCI Interrupt Link [LNKC] (IRQs 5 *9 10 11)
[    0.204073] ACPI: PCI Interrupt Link [LNKD] (IRQs 5 9 10 *11)
[    0.205058] SCSI subsystem initialized
[    0.205562] pci 0000:00:02.0: vgaarb: setting as boot VGA device
[    0.205562] pci 0000:00:02.0: vgaarb: VGA device added: decodes=io+mem,owns=io+mem,locks=none
[    0.205694] pci 0000:00:02.0: vgaarb: bridge control possible
[    0.208006] vgaarb: loaded
[    0.208386] ACPI: bus type USB registered
[    0.208890] usbcore: registered new interface driver usbfs
[    0.209542] usbcore: registered new interface driver hub
[    0.210165] usbcore: registered new device driver usb
[    0.210801] EDAC MC: Ver: 3.0.0
[    0.212031] PCI: Using ACPI for IRQ routing
[    0.212737] NetLabel: Initializing
[    0.213147] NetLabel:  domain hash size = 128
[    0.213660] NetLabel:  protocols = UNLABELED CIPSOv4 CALIPSO
[    0.214364] NetLabel:  unlabeled traffic allowed by default
[    0.215099] clocksource: Switched to clocksource kvm-clock
[    0.221371] VFS: Disk quotas dquot_6.6.0
[    0.221824] VFS: Dquot-cache hash table entries: 512 (order 0, 4096 bytes)
[    0.222576] AppArmor: AppArmor Filesystem Enabled
[    0.223088] pnp: PnP ACPI init
[    0.224100] pnp: PnP ACPI: found 3 devices
[    0.231157] clocksource: acpi_pm: mask: 0xffffff max_cycles: 0xffffff, max_idle_ns: 2085701024 ns
[    0.232745] NET: Registered protocol family 2
[    0.233460] IP idents hash table entries: 16384 (order: 5, 131072 bytes)
[    0.234929] TCP established hash table entries: 8192 (order: 4, 65536 bytes)
[    0.235970] TCP bind hash table entries: 8192 (order: 5, 131072 bytes)
[    0.236688] TCP: Hash tables configured (established 8192 bind 8192)
[    0.236688] UDP hash table entries: 512 (order: 2, 16384 bytes)
[    0.240039] UDP-Lite hash table entries: 512 (order: 2, 16384 bytes)
[    0.240710] NET: Registered protocol family 1
[    0.241247] pci 0000:00:00.0: Limiting direct PCI/PCI transfers
[    0.241953] pci 0000:00:01.0: Activating ISA DMA hang workarounds
[    0.242688] pci 0000:00:02.0: Video device with shadowed ROM at [mem 0x000c0000-0x000dffff]
[    0.243739] Unpacking initramfs...
[    0.434540] Freeing initrd memory: 19528K
[    0.435278] clocksource: tsc: mask: 0xffffffffffffffff max_cycles: 0x28680e0a5c3, max_idle_ns: 440795346756 ns
[    0.436382] platform rtc_cmos: registered platform RTC device (no PNP device found)
[    0.437259] Scanning for low memory corruption every 60 seconds
[    0.438387] Initialise system trusted keyrings
[    0.438942] Key type blacklist registered
[    0.439484] workingset: timestamp_bits=36 max_order=18 bucket_order=0
[    0.440869] zbud: loaded
[    0.441538] squashfs: version 4.0 (2009/01/31) Phillip Lougher
[    0.442298] fuse init (API version 7.26)
[    0.443837] Key type asymmetric registered
[    0.444336] Asymmetric key parser 'x509' registered
[    0.444916] Block layer SCSI generic (bsg) driver version 0.4 loaded (major 246)
[    0.445858] io scheduler noop registered
[    0.446341] io scheduler deadline registered
[    0.446874] io scheduler cfq registered (default)
[    0.447633] ACPI: AC Adapter [AC] (off-line)
[    0.448232] input: Power Button as /devices/LNXSYSTM:00/LNXPWRBN:00/input/input0
[    0.449126] ACPI: Power Button [PWRF]
[    0.449619] input: Sleep Button as /devices/LNXSYSTM:00/LNXSLPBN:00/input/input1
[    0.450504] ACPI: Sleep Button [SLPF]
[    0.451597] ACPI: Battery Slot [BAT0] (battery present)
[    0.452182] Serial: 8250/16550 driver, 32 ports, IRQ sharing enabled
[    0.473845] 00:02: ttyS0 at I/O 0x3f8 (irq = 4, base_baud = 115200) is a 16550A
[    0.475952] Linux agpgart interface v0.103
[    0.477913] loop: module loaded
[    0.479054] scsi host0: ata_piix
[    0.479742] scsi host1: ata_piix
[    0.480281] ata1: PATA max UDMA/33 cmd 0x1f0 ctl 0x3f6 bmdma 0xd000 irq 14
[    0.481260] ata2: PATA max UDMA/33 cmd 0x170 ctl 0x376 bmdma 0xd008 irq 15
[    0.482299] tun: Universal TUN/TAP device driver, 1.6
[    0.483103] PPP generic driver version 2.4.2
[    0.483805] ehci_hcd: USB 2.0 'Enhanced' Host Controller (EHCI) Driver
[    0.484765] ehci-pci: EHCI PCI platform driver
[    0.485456] ehci-platform: EHCI generic platform driver
[    0.486219] ohci_hcd: USB 1.1 'Open' Host Controller (OHCI) Driver
[    0.487165] ohci-pci: OHCI PCI platform driver
[    0.487871] ohci-platform: OHCI generic platform driver
[    0.488656] uhci_hcd: USB Universal Host Controller Interface driver
[    0.489590] i8042: PNP: PS/2 Controller [PNP0303:PS2K,PNP0f03:PS2M] at 0x60,0x64 irq 1,12
[    0.491352] serio: i8042 KBD port at 0x60,0x64 irq 1
[    0.492152] serio: i8042 AUX port at 0x60,0x64 irq 12
[    0.492910] mousedev: PS/2 mouse device common for all mice
[    0.493881] input: AT Translated Set 2 keyboard as /devices/platform/i8042/serio0/input/input2
[    0.495288] rtc_cmos rtc_cmos: rtc core: registered rtc_cmos as rtc0
[    0.496348] rtc_cmos rtc_cmos: alarms up to one day, 114 bytes nvram
[    0.497334] i2c /dev entries driver
[    0.498366] device-mapper: uevent: version 1.0.3
[    0.499451] device-mapper: ioctl: 4.37.0-ioctl (2017-09-20) initialised: dm-devel@redhat.com
[    0.500955] ledtrig-cpu: registered to indicate activity on CPUs
[    0.502019] NET: Registered protocol family 10
[    0.505204] Segment Routing with IPv6
[    0.505780] NET: Registered protocol family 17
[    0.506514] Key type dns_resolver registered
[    0.507312] mce: Using 0 MCE banks
[    0.507812] RAS: Correctable Errors collector initialized.
[    0.509293] sched_clock: Marking stable (507259872, 0)->(623172338, -115912466)
[    0.512005] registered taskstats version 1
[    0.512730] Loading compiled-in X.509 certificates
[    0.515715] Loaded X.509 cert 'Build time autogenerated kernel key: 6303a3b02fa1c7713b8a75ba7ba622fabd5dd271'
[    0.517781] Loaded X.509 cert 'Canonical Ltd. Live Patch Signing: 14df34d1a87cf37625abec039ef2bf521249b969'
[    0.519267] Loaded X.509 cert 'Canonical Ltd. Kernel Module Signing: 88f752e560a1e0737e31163a466ad7b70a850c19'
[    0.520598] blacklist: Loading compiled-in revocation X.509 certificates
[    0.521371] Loaded X.509 cert 'Canonical Ltd. Secure Boot Signing: 61482aa2830d0ab2ad5af10b7250da9033ddcef0'
[    0.522579] zswap: loaded using pool lzo/zbud
[    0.525786] Key type big_key registered
[    0.526394] Key type trusted registered
[    0.528190] Key type encrypted registered
[    0.528844] AppArmor: AppArmor sha1 policy hashing enabled
[    0.529666] ima: No TPM chip found, activating TPM-bypass! (rc=-19)
[    0.530510] ima: Allocated hash algorithm: sha1
[    0.531105] evm: HMAC attrs: 0x1
[    0.531729]   Magic number: 14:408:240
[    0.532363] rtc_cmos rtc_cmos: setting system clock to 2022-11-04 18:14:06 UTC (1667585646)
[    0.533717] BIOS EDD facility v0.16 2004-Jun-25, 0 devices found
[    0.534450] EDD information not available.
[    0.725970] Freeing unused kernel image memory: 2472K
[    0.740125] Write protecting the kernel read-only data: 20480k
[    0.742224] Freeing unused kernel image memory: 2008K
[    0.744436] Freeing unused kernel image memory: 1824K
[    0.753682] x86/mm: Checked W+X mappings: passed, no W+X pages found.
[    0.754663] x86/mm: Checking user space page tables
[    0.759230] x86/mm: Checked W+X mappings: passed, no W+X pages found.
Loading, please wait...
starting version 237
[    0.795395] Fusion MPT base driver 3.04.20
[    0.796156] Copyright (c) 1999-2008 LSI Corporation
[    0.803265] e1000: Intel(R) PRO/1000 Network Driver - version 7.3.21-k8-NAPI
[    0.804365] e1000: Copyright (c) 1999-2006 Intel Corporation.
[    0.815264] Fusion MPT SPI Host driver 3.04.20
[    0.817631] AVX2 version of gcm_enc/dec engaged.
[    0.818206] AES CTR mode by8 optimization enabled
[    0.820663] mptbase: ioc0: Initiating bringup
[    0.916643] ioc0: LSI53C1030 A0: Capabilities={Initiator}
[    1.013429] input: ImExPS/2 Generic Explorer Mouse as /devices/platform/i8042/serio1/input/input4
[    1.161076] scsi host2: ioc0: LSI53C1030 A0, FwRev=00000000h, Ports=1, MaxQ=256, IRQ=20
[    1.333923] scsi 2:0:0:0: Direct-Access     VBOX     HARDDISK         1.0  PQ: 0 ANSI: 5
[    1.465986] scsi target2:0:0: Beginning Domain Validation
[    1.470492] scsi target2:0:0: Domain Validation skipping write tests
[    1.472855] scsi target2:0:0: Ending Domain Validation
[    1.474384] scsi target2:0:0: asynchronous
[    1.475734] scsi 2:0:1:0: Direct-Access     VBOX     HARDDISK         1.0  PQ: 0 ANSI: 5
[    1.752136] scsi target2:0:1: Beginning Domain Validation
[    1.753733] scsi target2:0:1: Domain Validation skipping write tests
[    1.754684] scsi target2:0:1: Ending Domain Validation
[    1.755503] scsi target2:0:1: asynchronous
[    1.758131] sd 2:0:0:0: Attached scsi generic sg0 type 0
[    1.758921] sd 2:0:0:0: [sda] 83886080 512-byte logical blocks: (42.9 GB/40.0 GiB)
[    1.759029] sd 2:0:1:0: [sdb] 20480 512-byte logical blocks: (10.5 MB/10.0 MiB)
[    1.760287] sd 2:0:1:0: Attached scsi generic sg1 type 0
[    1.761184] sd 2:0:1:0: [sdb] Write Protect is off
[    1.761962] sd 2:0:0:0: [sda] Write Protect is off
[    1.764069] sd 2:0:1:0: [sdb] Incomplete mode parameter data
[    1.764075] sd 2:0:0:0: [sda] Incomplete mode parameter data
[    1.764911] sd 2:0:1:0: [sdb] Assuming drive cache: write through
[    1.766672] sd 2:0:0:0: [sda] Assuming drive cache: write through
[    1.769751] sd 2:0:1:0: [sdb] Attached SCSI disk
[    1.776384]  sda: sda1
[    1.777186] sd 2:0:0:0: [sda] Attached SCSI disk
[    1.780704] e1000 0000:00:03.0 eth0: (PCI:33MHz:32-bit) 02:8e:c5:29:b5:69
[    1.781753] e1000 0000:00:03.0 eth0: Intel(R) PRO/1000 Network Connection
[    2.133040] e1000 0000:00:08.0 eth1: (PCI:33MHz:32-bit) 08:00:27:84:74:fb
[    2.134126] e1000 0000:00:08.0 eth1: Intel(R) PRO/1000 Network Connection
[    2.136085] e1000 0000:00:08.0 enp0s8: renamed from eth1
[    2.204657] e1000 0000:00:03.0 enp0s3: renamed from eth0
Begin: Loading essential drivers ... [    3.595690] raid6: sse2x1   gen() 20785 MB/s
[    3.657084] raid6: sse2x1   xor() 13044 MB/s
[    3.714729] raid6: sse2x2   gen() 27875 MB/s
[    3.767586] raid6: sse2x2   xor() 17411 MB/s
[    3.818715] raid6: sse2x4   gen() 25311 MB/s
[    3.872250] raid6: sse2x4   xor() 16359 MB/s
[    3.927773] raid6: avx2x1   gen() 39893 MB/s
[    3.979673] raid6: avx2x1   xor() 22742 MB/s
[    4.039861] raid6: avx2x2   gen() 50002 MB/s
[    4.095662] raid6: avx2x2   xor() 32543 MB/s
[    4.147685] raid6: avx2x4   gen() 45252 MB/s
[    4.199619] raid6: avx2x4   xor() 26502 MB/s
[    4.200205] raid6: using algorithm avx2x2 gen() 50002 MB/s
[    4.200864] raid6: .... xor() 32543 MB/s, rmw enabled
[    4.201480] raid6: using avx2x2 recovery algorithm
[    4.202966] xor: automatically using best checksumming function   avx       
[    4.204662] async_tx: api initialized (async)
done.
Begin: Running /scripts/init-premount ... done.
Begin: Mounting root file system ... Begin: Running /scripts/local-top ... done.
Begin: Running /scripts/local-premount ... [    4.238310] Btrfs loaded, crc32c=crc32c-intel
Scanning for Btrfs filesystems
done.
Warning: fsck not present, so skipping root file system
[    4.256522] EXT4-fs (sda1): mounted filesystem with ordered data mode. Opts: (null)
done.
Begin: Running /scripts/local-bottom ... done.
Begin: Running /scripts/init-bottom ... done.
[    4.361049] ip_tables: (C) 2000-2006 Netfilter Core Team
[    4.365879] systemd[1]: systemd 237 running in system mode. (+PAM +AUDIT +SELINUX +IMA +APPARMOR +SMACK +SYSVINIT +UTMP +LIBCRYPTSETUP +GCRYPT +GNUTLS +ACL +XZ +LZ4 +SECCOMP +BLKID +ELFUTILS +KMOD -IDN2 +IDN -PCRE2 default-hierarchy=hybrid)
[    4.368560] systemd[1]: Detected virtualization oracle.
[    4.369266] systemd[1]: Detected architecture x86-64.

Welcome to [1mUbuntu 18.04.6 LTS[0m!

[    4.373586] systemd[1]: Set hostname to <ubuntu>.
[    4.375399] systemd[1]: Initializing machine ID from random generator.
[    4.376422] systemd[1]: Installed transient /etc/machine-id file.
[    4.565635] systemd[1]: Reached target Swap.
[[0;32m  OK  [0m] Reached target Swap.
[    4.566714] systemd[1]: Started Forward Password Requests to Wall Directory Watch.
[[0;32m  OK  [0m] Started Forward Password Requests to Wall Directory Watch.
[    4.568392] systemd[1]: Reached target System Time Synchronized.
[[0;32m  OK  [0m] Reached target System Time Synchronized.
[    4.569877] systemd[1]: Reached target User and Group Name Lookups.
[[0;32m  OK  [0m] Reached target User and Group Name Lookups.
[[0;32m  OK  [0m] Set up automount Arbitrary Executab…rmats File System Automount Point.
[[0;32m  OK  [0m] Created slice User and Session Slice.
[[0;32m  OK  [0m] Created slice System Slice.
[[0;32m  OK  [0m] Listening on udev Kernel Socket.
[[0;32m  OK  [0m] Listening on Network Service Netlink Socket.
[[0;32m  OK  [0m] Listening on Journal Socket.
         Mounting POSIX Message Queue File System...
         Mounting Kernel Debug File System...
         Starting Set the console keyboard layout...
[[0;32m  OK  [0m] Listening on Journal Audit Socket.
[[0;32m  OK  [0m] Listening on LVM2 poll daemon socket.
[[0;32m  OK  [0m] Listening on LVM2 metadata daemon socket.
[[0;32m  OK  [0m] Listening on Journal Socket (/dev/log).
         Mounting Huge Pages File System...
         Starting Create list of required st…ce nodes for the current kernel...
[[0;32m  OK  [0m] Created slice system-serial\x2dgetty.slice.
         Starting Load Kernel Modules...
[[0;32m  OK  [0m] Listening on Device-mapper event daemon FIFOs.
         Starting Monitoring of LVM2 mirrors…ng dmeventd or progress polling...
[[0;32m  OK  [0m] Listening on fsck to fsckd communication Socket.
         Starting File System Check on Root Device...
         Starting Uncomplicated firewall...
[[0;32m  OK  [0m] Reached target Slices.
[[0;32m  OK  [0m] Listening on udev Control Socket.
         Starting udev Coldplug all Devices...
[[0;32m  OK  [0m] Listening on Syslog Socket.
         Starting Journal Service...
[[0;32m  OK  [0m] Listening on /dev/initctl Compatibility Named Pipe.
[[0;32m  OK  [0m] Mounted POSIX Message Queue File System.
[[0;32m  OK  [0m] Mounted Kernel Debug File System.
[[0;32m  OK  [0m] Mounted Huge Pages File System.
[[0;32m  OK  [0m] Started Create list of required sta…vice nodes for the current kernel.
[    4.611162] Loading iSCSI transport class v2.0-870.
[    4.615325] iscsi: registered transport (tcp)
         Starting Create Static Device Nodes in /dev...
[    4.626238] iscsi: registered transport (iser)
[[0;32m  OK  [0m] Started Load Kernel Modules.
         Mounting Kernel Configuration File System...
         Mounting FUSE Control File System...
         Starting Apply Kernel Variables...
[[0;32m  OK  [0m] Mounted FUSE Control File System.
[[0;32m  OK  [0m] Mounted Kernel Configuration File System.
[[0;32m  OK  [0m] Started LVM2 metadata daemon.
[[0;32m  OK  [0m] Started File System Check Daemon to report status.
[[0;32m  OK  [0m] Started Uncomplicated firewall.
[[0;32m  OK  [0m] Started Journal Service.
[[0;32m  OK  [0m] Started udev Coldplug all Devices.
[[0;32m  OK  [0m] Started Create Static Device Nodes in /dev.
[[0;32m  OK  [0m] Started Apply Kernel Variables.
[[0;32m  OK  [0m] Started Monitoring of LVM2 mirrors,…sing dmeventd or progress polling.
[[0;32m  OK  [0m] Started File System Check on Root Device.
         Starting Remount Root and Kernel File Systems...
[[0;32m  OK  [0m] Started Remount Root and Kernel File Systems.
[[0;32m  OK  [0m] Started Set the console keyboard layout.
         Starting Flush Journal to Persistent Storage...
         Starting Load/Save Random Seed...
[[0;32m  OK  [0m] Reached target Local File Systems (Pre).
[[0;32m  OK  [0m] Reached target Local File Systems.
         Starting AppArmor initialization...
         Starting Set console font and keymap...
         Starting Tell Plymouth To Write Out Runtime Data...
         Starting Commit a transient machine-id on disk...
         Starting ebtables ruleset management...
         Starting udev Kernel Device Manager...
[[0;32m  OK  [0m] Started Load/Save Random Seed.
[[0;32m  OK  [0m] Started Set console font and keymap.
[[0;32m  OK  [0m] Started Tell Plymouth To Write Out Runtime Data.
[[0;32m  OK  [0m] Started udev Kernel Device Manager.
[[0;32m  OK  [0m] Started Dispatch Password Requests to Console Directory Watch.
[[0;32m  OK  [0m] Reached target Local Encrypted Volumes.
[[0;32m  OK  [0m] Started Flush Journal to Persistent Storage.
         Starting Create Volatile Files and Directories...
[[0;32m  OK  [0m] Started Commit a transient machine-id on disk.
[[0;32m  OK  [0m] Started Create Volatile Files and Directories.
         Starting Update UTMP about System Boot/Shutdown...
[[0;32m  OK  [0m] Started Update UTMP about System Boot/Shutdown.
[[0;32m  OK  [0m] Started ebtables ruleset management.
[[0;32m  OK  [0m] Found device /dev/ttyS0.
[[0;32m  OK  [0m] Listening on Load/Save RF Kill Switch Status /dev/rfkill Watch.
[[0;32m  OK  [0m] Started AppArmor initialization.
         Starting Initial cloud-init job (pre-networking)...
         Starting Load AppArmor profiles managed internally by snapd...
[[0;32m  OK  [0m] Started Load AppArmor profiles managed internally by snapd.
[    6.163263] cloud-init[576]: Cloud-init v. 22.2-0ubuntu1~18.04.3 running 'init-local' at Fri, 04 Nov 2022 18:14:11 +0000. Up 5.91 seconds.
[[0;32m  OK  [0m] Started Initial cloud-init job (pre-networking).
[[0;32m  OK  [0m] Reached target Network (Pre).
         Starting Network Service...
[[0;32m  OK  [0m] Started Network Service.
         Starting Network Name Resolution...
         Starting Wait for Network to be Configured...
[[0;32m  OK  [0m] Started Network Name Resolution.
[[0;32m  OK  [0m] Reached target Network.
[[0;32m  OK  [0m] Reached target Host and Network Name Lookups.
[[0;32m  OK  [0m] Started Wait for Network to be Configured.
         Starting Initial cloud-init job (metadata service crawler)...
[    7.979657] cloud-init[708]: Cloud-init v. 22.2-0ubuntu1~18.04.3 running 'init' at Fri, 04 Nov 2022 18:14:13 +0000. Up 7.88 seconds.
[    7.980846] cloud-init[708]: ci-info: ++++++++++++++++++++++++++++++++++++++Net device info+++++++++++++++++++++++++++++++++++++++
[    7.982100] cloud-init[708]: ci-info: +--------+-------+----------------------------+---------------+--------+-------------------+
[    7.983219] cloud-init[708]: ci-info: | Device |   Up  |          Address           |      Mask     | Scope  |     Hw-Address    |
[    7.984318] cloud-init[708]: ci-info: +--------+-------+----------------------------+---------------+--------+-------------------+
[    7.985335] cloud-init[708]: ci-info: | enp0s3 |  True |         10.0.2.15          | 255.255.255.0 | global | 02:8e:c5:29:b5:69 |
[    7.986357] cloud-init[708]: ci-info: | enp0s3 |  True | fe80::8e:c5ff:fe29:b569/64 |       .       |  link  | 02:8e:c5:29:b5:69 |
[    7.987407] cloud-init[708]: ci-info: | enp0s8 | False |             .              |       .       |   .    | 08:00:27:84:74:fb |
[    7.988282] cloud-init[708]: ci-info: |   lo   |  True |         127.0.0.1          |   255.0.0.0   |  host  |         .         |
[    7.989204] cloud-init[708]: ci-info: |   lo   |  True |          ::1/128           |       .       |  host  |         .         |
[    7.990098] cloud-init[708]: ci-info: +--------+-------+----------------------------+---------------+--------+-------------------+
[    7.990874] cloud-init[708]: ci-info: ++++++++++++++++++++++++++++Route IPv4 info+++++++++++++++++++++++++++++
[    7.991648] cloud-init[708]: ci-info: +-------+-------------+----------+-----------------+-----------+-------+
[    7.992413] cloud-init[708]: ci-info: | Route | Destination | Gateway  |     Genmask     | Interface | Flags |
[    7.993329] cloud-init[708]: ci-info: +-------+-------------+----------+-----------------+-----------+-------+
[    7.994285] cloud-init[708]: ci-info: |   0   |   0.0.0.0   | 10.0.2.2 |     0.0.0.0     |   enp0s3  |   UG  |
[    7.995355] cloud-init[708]: ci-info: |   1   |   10.0.2.0  | 0.0.0.0  |  255.255.255.0  |   enp0s3  |   U   |
[    7.996382] cloud-init[708]: ci-info: |   2   |   10.0.2.2  | 0.0.0.0  | 255.255.255.255 |   enp0s3  |   UH  |
[    7.997390] cloud-init[708]: ci-info: +-------+-------------+----------+-----------------+-----------+-------+
[    7.998447] cloud-init[708]: ci-info: +++++++++++++++++++Route IPv6 info+++++++++++++++++++
[    7.999313] cloud-init[708]: ci-info: +-------+-------------+---------+-----------+-------+
[    8.000194] cloud-init[708]: ci-info: | Route | Destination | Gateway | Interface | Flags |
[    8.001042] cloud-init[708]: ci-info: +-------+-------------+---------+-----------+-------+
[    8.001902] cloud-init[708]: ci-info: |   1   |  fe80::/64  |    ::   |   enp0s3  |   U   |
[    8.002758] cloud-init[708]: ci-info: |   3   |    local    |    ::   |   enp0s3  |   U   |
[    8.003581] cloud-init[708]: ci-info: |   4   |   ff00::/8  |    ::   |   enp0s3  |   U   |
[    8.004378] cloud-init[708]: ci-info: +-------+-------------+---------+-----------+-------+
[    8.541484] cloud-init[708]: Generating public/private rsa key pair.
[    8.542042] cloud-init[708]: Your identification has been saved in /etc/ssh/ssh_host_rsa_key.
[    8.542756] cloud-init[708]: Your public key has been saved in /etc/ssh/ssh_host_rsa_key.pub.
[    8.543502] cloud-init[708]: The key fingerprint is:
[    8.543970] cloud-init[708]: SHA256:Nf2onNGRMkBr/I2b+yhyDTh00ewYcJhD3wfb1LT5Riw root@ubuntu-bionic
[    8.544861] cloud-init[708]: The key's randomart image is:
[    8.545423] cloud-init[708]: +---[RSA 2048]----+
[    8.545902] cloud-init[708]: |     .o=+o. .o.  |
[    8.546380] cloud-init[708]: |      ++o+o* ..+ |
[    8.546838] cloud-init[708]: |       .==B * E o|
[    8.547315] cloud-init[708]: |      ..oo.O + + |
[    8.547791] cloud-init[708]: |     . oS + + . o|
[    8.548294] cloud-init[708]: |      o .. *   . |
[    8.548780] cloud-init[708]: |       . o*      |
[    8.549260] cloud-init[708]: |      . o .o     |
[    8.549746] cloud-init[708]: |       o .o..    |
[    8.550224] cloud-init[708]: +----[SHA256]-----+
[    8.550707] cloud-init[708]: Generating public/private dsa key pair.
[    8.551363] cloud-init[708]: Your identification has been saved in /etc/ssh/ssh_host_dsa_key.
[    8.552193] cloud-init[708]: Your public key has been saved in /etc/ssh/ssh_host_dsa_key.pub.
[    8.553023] cloud-init[708]: The key fingerprint is:
[    8.553537] cloud-init[708]: SHA256:8a7nyebYxlOc76PyssmoLc75FMoUuhsKhxx/P9VeJjY root@ubuntu-bionic
[    8.554356] cloud-init[708]: The key's randomart image is:
[    8.554911] cloud-init[708]: +---[DSA 1024]----+
[    8.555418] cloud-init[708]: |                 |
[    8.555940] cloud-init[708]: |                 |
[    8.556434] cloud-init[708]: |      . .        |
[    8.556893] cloud-init[708]: |     . . o       |
[    8.557364] cloud-init[708]: | .  . . S o. .   |
[    8.557854] cloud-init[708]: |..o  + . + E+o   |
[    8.558335] cloud-init[708]: |o...o.o o.+.=.   |
[    8.568267] cloud-init[708]: | o ..+o= BO+  o  |
[    8.568783] cloud-init[708]: |  . ..==B*X*oo.. |
[    8.569295] cloud-init[708]: +----[SHA256]-----+
[    8.569809] cloud-init[708]: Generating public/private ecdsa key pair.
[    8.570500] cloud-init[708]: Your identification has been saved in /etc/ssh/ssh_host_ecdsa_key.
[    8.571382] cloud-init[708]: Your public key has been saved in /etc/ssh/ssh_host_ecdsa_key.pub.
[    8.572307] cloud-init[708]: The key fingerprint is:
[    8.572871] cloud-init[708]: SHA256:k/UTmiq63J000llUm4SNWMYkyh6Fwq+EE1/fZ9UgXMo root@ubuntu-bionic
[    8.573735] cloud-init[708]: The key's randomart image is:
[    8.574295] cloud-init[708]: +---[ECDSA 256]---+
[    8.574804] cloud-init[708]: |   .   .o=+=+.oo |
[    8.575272] cloud-init[708]: |  . o.oo.o++o=. .|
[    8.575772] cloud-init[708]: |   + ++. .o E.   |
[    8.576260] cloud-init[708]: |  o o....+.+o.   |
[    8.576727] cloud-init[708]: |   o .. S +oo    |
[    8.577241] cloud-init[708]: |    .  . =   .   |
[    8.577728] cloud-init[708]: |      o *        |
[    8.578188] cloud-init[708]: |   . o = o       |
[    8.578644] cloud-init[708]: |    +.. o        |
[    8.579093] cloud-init[708]: +----[SHA256]-----+
[    8.579533] cloud-init[708]: Generating public/private ed25519 key pair.
[    8.580094] cloud-init[708]: Your identification has been saved in /etc/ssh/ssh_host_ed25519_key.
[    8.580809] cloud-init[708]: Your public key has been saved in /etc/ssh/ssh_host_ed25519_key.pub.
[    8.581545] cloud-init[708]: The key fingerprint is:
[    8.582073] cloud-init[708]: SHA256:uB66qU4JSmdmIH64rxKZMGitUUJyf+XIwoEeD37fPt4 root@ubuntu-bionic
[    8.582810] cloud-init[708]: The key's randomart image is:
[    8.583314] cloud-init[708]: +--[ED25519 256]--+
[    8.592217] cloud-init[708]: |o....   .        |
[    8.592691] cloud-init[708]: |.o++ o +         |
[[0;32m  OK  [0m[    8.604331] cloud-init[708]: |o++++ + .        |
[    8.604540] cloud-init[708]: |*o=.oo .         |
[    8.605323] cloud-init[708]: |+BoB ...S        |
[    8.605634] cloud-init[708]: |*oB.  ...        |
[    8.605967] cloud-init[708]: |.oo   o.         |
[    8.606400] cloud-init[708]: |...  + .o.       |
[    8.606854] cloud-init[708]: |.o+o+.....E      |
[    8.607135] cloud-init[708]: +----[SHA256]-----+
] Started Initial cloud-init job (metadata service crawler).
[[0;32m  OK  [0m] Reached target Cloud-config availability.
[[0;32m  OK  [0m] Reached target Network is Online.
[[0;32m  OK  [0m] Reached target Remote File Systems (Pre).
[[0;32m  OK  [0m] Reached target Remote File Systems.
         Starting Availability of block devices...
[[0;32m  OK  [0m] Reached target System Initialization.
[[0;32m  OK  [0m] Listening on ACPID Listen Socket.
         Starting LXD - unix socket.
         Starting Socket activation for snappy daemon.
[[0;32m  OK  [0m] Started Daily Cleanup of Temporary Directories.
[[0;32m  OK  [0m] Started Message of the Day.
[[0;32m  OK  [0m] Listening on cloud-init hotplug hook socket.
[[0;32m  OK  [0m] Started Ubuntu Advantage Timer for running repeated jobs.
[[0;32m  OK  [0m] Listening on D-Bus System Message Bus Socket.
[[0;32m  OK  [0m] Started ACPI Events Check.
[[0;32m  OK  [0m] Reached target Paths.
[[0;32m  OK  [0m] Started Discard unused blocks once a week.
[[0;32m  OK  [0m] Listening on Open-iSCSI iscsid Socket.
[[0;32m  OK  [0m] Listening on UUID daemon activation socket.
[[0;32m  OK  [0m] Started Daily apt download activities.
[[0;32m  OK  [0m] Started Daily apt upgrade and clean activities.
[[0;32m  OK  [0m] Reached target Timers.
[[0;32m  OK  [0m] Listening on LXD - unix socket.
[[0;32m  OK  [0m] Listening on Socket activation for snappy daemon.
[[0;32m  OK  [0m] Reached target Sockets.
[[0;32m  OK  [0m] Reached target Basic System.
         Starting Dispatcher daemon for systemd-networkd...
         Starting Accounts Service...
[[0;32m  OK  [0m] Started Regular background program processing daemon.
         Starting System Logging Service...
         Starting Virtualbox guest utils...
[[0;32m  OK  [0m] Started FUSE filesystem for LXC.
         Starting LXD - container startup/shutdown...
         Starting Snap Daemon...
         Starting LSB: Record successful boot for GRUB...
[[0;32m  OK  [0m] Started Deferred execution scheduler.
[[0;32m  OK  [0m] Started D-Bus System Message Bus.
         Starting Login Service...
         Starting Permit User Sessions...
         Starting Pollinate to seed the pseudo random number generator...
         Starting LSB: automatic crash report generation...
[[0;32m  OK  [0m] Started irqbalance daemon.
[[0;32m  OK  [0m] Started System Logging Service.
[[0;32m  OK  [0m] Started Availability of block devices.
[[0;32m  OK  [0m] Started LXD - container startup/shutdown.
[[0;32m  OK  [0m] Started Permit User Sessions.
         Starting Terminate Plymouth Boot Screen...
         Starting Hold until boot process finishes up...
[[0;32m  OK  [0m] Started Hold until boot process finishes up.
[[0;32m  OK  [0m] Started Serial Getty on ttyS0.
         Starting Set console scheme...
[[0;32m  OK  [0m] Started Terminate Plymouth Boot Screen.
[[0;32m  OK  [0m] Started Set console scheme.
[[0;32m  OK  [0m] Started Login Service.
[[0;32m  OK  [0m] Started Unattended Upgrades Shutdown.
[[0;32m  OK  [0m] Created slice system-getty.slice.
[[0;32m  OK  [0m] Started Getty on tty1.
[[0;32m  OK  [0m] Reached target Login Prompts.
         Starting Authorization Manager...
[[0;32m  OK  [0m] Started Authorization Manager.
[[0;32m  OK  [0m] Started Accounts Service.
[[0;32m  OK  [0m] Started LSB: Record successful boot for GRUB.
[[0;32m  OK  [0m] Started LSB: automatic crash report generation.
[[0;32m  OK  [0m] Started Virtualbox guest utils.
[[0;32m  OK  [0m] Started Dispatcher daemon for systemd-networkd.
[[0;32m  OK  [0m] Started Snap Daemon.
         Starting Wait until snapd is fully seeded...
         Starting Time & Date Service...
[[0;32m  OK  [0m] Started Time & Date Service.
[[0;32m  OK  [0m] Started Wait until snapd is fully seeded.
         Starting Apply the settings specified in cloud-config...
[[0;32m  OK  [0m] Started Pollinate to seed the pseudo random number generator.
         Starting OpenBSD Secure Shell server...
[[0;32m  OK  [0m] Started OpenBSD Secure Shell server.
[   10.543934] cloud-init[1206]: Cloud-init v. 22.2-0ubuntu1~18.04.3 running 'modules:config' at Fri, 04 Nov 2022 18:14:16 +0000. Up 10.26 seconds.
[[0;32m  OK  [0m] Started Apply the settings specified in cloud-config.
[[0;32m  OK  [0m] Reached target Multi-User System.
[[0;32m  OK  [0m] Reached target Graphical Interface.
         Starting Update UTMP about System Runlevel Changes...
         Starting Execute cloud user/final scripts...
[[0;32m  OK  [0m] Started Update UTMP about System Runlevel Changes.
ci-info: no authorized SSH keys fingerprints found for user ubuntu.
<14>Nov  4 18:14:16 cloud-init: #############################################################
<14>Nov  4 18:14:16 cloud-init: -----BEGIN SSH HOST KEY FINGERPRINTS-----
<14>Nov  4 18:14:16 cloud-init: 1024 SHA256:8a7nyebYxlOc76PyssmoLc75FMoUuhsKhxx/P9VeJjY root@ubuntu-bionic (DSA)
<14>Nov  4 18:14:16 cloud-init: 256 SHA256:k/UTmiq63J000llUm4SNWMYkyh6Fwq+EE1/fZ9UgXMo root@ubuntu-bionic (ECDSA)
<14>Nov  4 18:14:16 cloud-init: 256 SHA256:uB66qU4JSmdmIH64rxKZMGitUUJyf+XIwoEeD37fPt4 root@ubuntu-bionic (ED25519)
<14>Nov  4 18:14:16 cloud-init: 2048 SHA256:Nf2onNGRMkBr/I2b+yhyDTh00ewYcJhD3wfb1LT5Riw root@ubuntu-bionic (RSA)
<14>Nov  4 18:14:16 cloud-init: -----END SSH HOST KEY FINGERPRINTS-----
<14>Nov  4 18:14:16 cloud-init: #############################################################
-----BEGIN SSH HOST KEY KEYS-----
ecdsa-sha2-nistp256 AAAAE2VjZHNhLXNoYTItbmlzdHAyNTYAAAAIbmlzdHAyNTYAAABBBNBMC+BnHdSPUpX5Lw60AhXHVq+DNQWLjIWc+northgrXLdCOAsYnNZ29jj0j3Ov5Do4UQhvKEQldRwutpA69Ko= root@ubuntu-bionic
ssh-ed25519 AAAAC3NzaC1lZDI1NTE5AAAAILsFUEc3Znf6mQv647XV8FoB1Bwc6pKkpw+F1GZGjYNY root@ubuntu-bionic
ssh-rsa AAAAB3NzaC1yc2EAAAADAQABAAABAQDf/Nes+NQDC6dKbxxtaznK44vrQsNFXmik04bpTW/g7mDFcdr5eh6Y3aG1JrbmbUQUbhfFCClJ5+fNkiUKBwhRuaWDpCCYSJJVbjouMLlMZ34DSHzYLGuHWEBeh6pSCJguFa0DX232pw5A1ggTtnTuBqA4TSZBy1n6yGMOJLAz9QQ6+licU/ArMYqaQEHIF7foFSYkIXcPkN4sc9cPPmEqSvgk5tbySa6OWlbx9ovTJ0sAeMACE57Bv2ck8dkL9dGbw+uLw02y0oq1m4LOISYMDaY+zFWkNUxMOkqpDbySRJUlEAo8B8uGyYHDVwVY8sF73aQ6aoOCmLjpMY5PRwXf root@ubuntu-bionic
-----END SSH HOST KEY KEYS-----
[   10.934179] cloud-init[1286]: Cloud-init v. 22.2-0ubuntu1~18.04.3 running 'modules:final' at Fri, 04 Nov 2022 18:14:16 +0000. Up 10.81 seconds.
[   10.934944] cloud-init[1286]: Cloud-init v. 22.2-0ubuntu1~18.04.3 finished at Fri, 04 Nov 2022 18:14:16 +0000. Datasource DataSourceNoCloud [seed=/dev/sdb][dsmode=net].  Up 10.92 seconds
[[0;32m  OK  [0m] Started         Stopping Authorization Manager...
         Stopping User Manager for UID 1000...
[[0;32m  OK  [0m] Stopped target Cloud-init target.
[[0;32m  OK  [0m] Stopped target Timers.
[[0;32m  OK  [0m] Stopped Clean PHP session files every 30 mins.
[[0;32m  OK  [0m] Stopped target Graphical Interface.
         Stopping Accounts Service...
         Stopping Availability of block devices...
         Stopping Session 6 of user vagrant.
[[0;32m  OK  [0m] Stopped Daily apt upgrade and clean activities.
[[0;32m  OK  [0m] Stopped Discard unused blocks once a week.
[[0;32m  OK  [0m] Stopped Daily Cleanup of Temporary Directories.
         Stopping Session 3 of user vagrant.
[[0;32m  OK  [0m] Closed Load/Save RF Kill Switch Status /dev/rfkill Watch.
[[0;32m  OK  [0m] Stopped Ubuntu Advantage Timer for running repeated jobs.
[[0;32m  OK  [0m] Stopped Message of the Day.
[[0;32m  OK  [0m] Stopped Daily apt download activities.
[[0;32m  OK  [0m] Stopped target System Time Synchronized.
[[0;32m  OK  [0m] Stopped Execute cloud user/final scripts.
[[0;32m  OK  [0m] Stopped target Multi-User System.
         Stopping The Apache HTTP Server...
         Stopping LSB: Record successful boot for GRUB...
         Stopping Deferred execution scheduler...
         Stopping OpenBSD Secure Shell server...
         Stopping irqbalance daemon...
         Stopping Regular background program processing daemon...
         Stopping Virtualbox guest utils...
         Stopping LSB: automatic crash report generation...
         Stopping D-Bus System Message Bus...
         Stopping LXD - container startup/shutdown...
[[0;32m  OK  [0m] Stopped target Login Prompts.
         Stopping Serial Getty on ttyS0...
         Stopping Getty on tty1...
         Stopping Dispatcher daemon for systemd-networkd...
         Stopping System Logging Service...
         Stopping FUSE filesystem for LXC...
[[0;32m  OK  [0m] Stopped Apply the settings specified in cloud-config.
[[0;32m  OK  [0m] Stopped target Cloud-config availability.
[[0;32m  OK  [0m] Stopped Wait until snapd is fully seeded.
[[0;32m  OK  [0m] Unmounted /var/lib/lxcfs.
[[0;32m  OK  [0m] Stopped Regular background program processing daemon.
[[0;32m  OK  [0m] Stopped Deferred execution scheduler.
[[0;32m  OK  [0m] Stopped irqbalance daemon.
[[0;32m  OK  [0m] Stopped Dispatcher daemon for systemd-networkd.
[[0;32m  OK  [0m] Stopped Accounts Service.
[[0;32m  OK  [0m] Stopped Authorization Manager.
[[0;32m  OK  [0m] Stopped Serial Getty on ttyS0.
[[0;32m  OK  [0m] Stopped Getty on tty1.
[[0;32m  OK  [0m] Stopped System Logging Service.
[[0;32m  OK  [0m] Stopped OpenBSD Secure Shell server.
[[0;32m  OK  [0m] Stopped User Manager for UID 1000.
[[0;32m  OK  [0m] Stopped Availability of block devices.
[[0;32m  OK  [0m] Stopped D-Bus System Message Bus.
[[0;32m  OK  [0m] Stopped Session 3 of user vagrant.
[[0;32m  OK  [0m] Stopped FUSE filesystem for LXC.
[[0;32m  OK  [0m] Stopped Session 6 of user vagrant.
[[0;32m  OK  [0m] Removed slice User Slice of vagrant.
         Stopping Login Service...
[[0;32m  OK  [0m] Removed slice system-getty.slice.
         Stopping Permit User Sessions...
[[0;32m  OK  [0m] Removed slice system-serial\x2dgetty.slice.
[[0;32m  OK  [0m] Stopped Permit User Sessions.
[[0;32m  OK  [0m] Stopped LXD - container startup/shutdown.
[[0;32m  OK  [0m] Stopped LSB: automatic crash report generation.
[[0;32m  OK  [0m] Stopped LSB: Record successful boot for GRUB.
[[0;32m  OK  [0m] Stopped Virtualbox guest utils.
[[0;32m  OK  [0m] Stopped The Apache HTTP Server.
[[0;32m  OK  [0m] Stopped target Remote File Systems.
         Unmounting /tmp/vagrant-puppet/mani…75f9bee98c01702f092058557d90191...
         Unmounting /vagrant...
[[0;32m  OK  [0m] Stopped target Host and Network Name Lookups.
[[0;32m  OK  [0m] Stopped Login Service.
[[0;32m  OK  [0m] Stopped target Basic System.
[[0;32m  OK  [0m] Stopped target Sockets.
[[0;32m  OK  [0m] Closed LXD - unix socket.
[[0;32m  OK  [0m] Closed ACPID Listen Socket.
[[0;32m  OK  [0m] Closed Open-iSCSI iscsid Socket.
[[0;32m  OK  [0m] Closed UUID daemon activation socket.
[[0;32m  OK  [0m] Closed D-Bus System Message Bus Socket.
[[0;32m  OK  [0m] Closed Socket activation for snappy daemon.
[[0;32m  OK  [0m] Closed Syslog Socket.
[[0;32m  OK  [0m] Closed cloud-init hotplug hook socket.
[[0;32m  OK  [0m] Stopped target Slices.
[[0;32m  OK  [0m] Removed slice User and Session Slice.
[[0;32m  OK  [0m] Stopped target Paths.
[[0;32m  OK  [0m] Stopped ACPI Events Check.
[[0;32m  OK  [0m] Stopped target System Initialization.
         Stopping Load/Save Random Seed...
[[0;32m  OK  [0m] Stopped target Local Encrypted Volumes.
         Stopping Update UTMP about System Boot/Shutdown...
[[0;32m  OK  [0m] Stopped Commit a transient machine-id on disk.
[[0;32m  OK  [0m] Stopped Dispatch Password Requests to Console Directory Watch.
[[0;32m  OK  [0m] Stopped Forward Password Requests to Wall Directory Watch.
[[0;32m  OK  [0m] Stopped target User and Group Name Lookups.
[[0;32m  OK  [0m] Unmounted /tmp/vagrant-puppet/manif…-f75f9bee98c01702f092058557d90191.
[[0;32m  OK  [0m] Unmounted /vagrant.
[[0;32m  OK  [0m] Stopped Load/Save Random Seed.
[[0;32m  OK  [0m] Stopped target Remote File Systems (Pre).
[[0;32m  OK  [0m] Stopped target Network is Online.
[[0;32m  OK  [0m] Stopped Initial cloud-init job (metadata service crawler).
[[0;32m  OK  [0m] Stopped target Network.
         Stopping Network Name Resolution...
[[0;32m  OK  [0m] Stopped Update UTMP about System Boot/Shutdown.
[[0;32m  OK  [0m] Stopped Network Name Resolution.
         Stopping Network Service...
[[0;32m  OK  [0m] Stopped Create Volatile Files and Directories.
[[0;32m  OK  [0m] Stopped target Local File Systems.
         Unmounting /run/user/1000...
[[0;32m  OK  [0m] Unmounted /run/user/1000.
[[0;32m  OK  [0m] Reached target Unmount All Filesystems.
[[0;32m  OK  [0m] Stopped target Local File Systems (Pre).
         Stopping Monitoring of LVM2 mirrors…ng dmeventd or progress polling...
[[0;32m  OK  [0m] Stopped Create Static Device Nodes in /dev.
[[0;32m  OK  [0m] Stopped target Swap.
[[0;32m  OK  [0m] Stopped Monitoring of LVM2 mirrors,…sing dmeventd or progress polling.
         Stopping LVM2 metadata daemon...
[[0;32m  OK  [0m] Stopped LVM2 metadata daemon.
[[0;32m  OK  [0m] Stopped Network Service.
[[0;32m  OK  [0m] Stopped Apply Kernel Variables.
[[0;32m  OK  [0m] Stopped Load Kernel Modules.
[[0;32m  OK  [0m] Stopped target Network (Pre).
[[0;32m  OK  [0m] Stopped Initial cloud-init job (pre-networking).
[[0;32m  OK  [0m] Stopped Remount Root and Kernel File Systems.
[[0;32m  OK  [0m] Reached target Shutdown.
[[0;32m  OK  [0m] Reached target Final Step.
         Starting Power-Off...
[ 1094.638798] reboot: Power down
