[    0.000000] Linux version 4.15.0-194-generic (buildd@lcy02-amd64-052) (gcc version 7.5.0 (Ubuntu 7.5.0-3ubuntu1~18.04)) #205-Ubuntu SMP Fri Sep 16 19:49:27 UTC 2022 (Ubuntu 4.15.0-194.205-generic 4.15.18)
[    0.000000] Command line: BOOT_IMAGE=/boot/vmlinuz-4.15.0-194-generic root=LABEL=cloudimg-rootfs ro console=tty1 console=ttyS0
[    0.000000] KERNEL supported cpus:
[    0.000000]   Intel GenuineIntel
[    0.000000]   AMD AuthenticAMD
[    0.000000]   Centaur CentaurHauls
[    0.000000] x86/fpu: Supporting XSAVE feature 0x001: 'x87 floating point registers'
[    0.000000] x86/fpu: Supporting XSAVE feature 0x002: 'SSE registers'
[    0.000000] x86/fpu: Supporting XSAVE feature 0x004: 'AVX registers'
[    0.000000] x86/fpu: xstate_offset[2]:  576, xstate_sizes[2]:  256
[    0.000000] x86/fpu: Enabled xstate features 0x7, context size is 832 bytes, using 'standard' format.
[    0.000000] e820: BIOS-provided physical RAM map:
[    0.000000] BIOS-e820: [mem 0x0000000000000000-0x000000000009fbff] usable
[    0.000000] BIOS-e820: [mem 0x000000000009fc00-0x000000000009ffff] reserved
[    0.000000] BIOS-e820: [mem 0x00000000000f0000-0x00000000000fffff] reserved
[    0.000000] BIOS-e820: [mem 0x0000000000100000-0x000000003ffeffff] usable
[    0.000000] BIOS-e820: [mem 0x000000003fff0000-0x000000003fffffff] ACPI data
[    0.000000] BIOS-e820: [mem 0x00000000fec00000-0x00000000fec00fff] reserved
[    0.000000] BIOS-e820: [mem 0x00000000fee00000-0x00000000fee00fff] reserved
[    0.000000] BIOS-e820: [mem 0x00000000fffc0000-0x00000000ffffffff] reserved
[    0.000000] NX (Execute Disable) protection: active
[    0.000000] SMBIOS 2.5 present.
[    0.000000] DMI: innotek GmbH VirtualBox/VirtualBox, BIOS VirtualBox 12/01/2006
[    0.000000] Hypervisor detected: KVM
[    0.000000] e820: last_pfn = 0x3fff0 max_arch_pfn = 0x400000000
[    0.000000] MTRR: Disabled
[    0.000000] x86/PAT: MTRRs disabled, skipping PAT initialization too.
[    0.000000] CPU MTRRs all blank - virtualized system.
[    0.000000] x86/PAT: Configuration [0-7]: WB  WT  UC- UC  WB  WT  UC- UC  
[    0.000000] found SMP MP-table at [mem 0x0009fff0-0x0009ffff]
[    0.000000] Scanning 1 areas for low memory corruption
[    0.000000] RAMDISK: [mem 0x359cb000-0x36cdcfff]
[    0.000000] ACPI: Early table checksum verification disabled
[    0.000000] ACPI: RSDP 0x00000000000E0000 000024 (v02 VBOX  )
[    0.000000] ACPI: XSDT 0x000000003FFF0030 00003C (v01 VBOX   VBOXXSDT 00000001 ASL  00000061)
[    0.000000] ACPI: FACP 0x000000003FFF00F0 0000F4 (v04 VBOX   VBOXFACP 00000001 ASL  00000061)
[    0.000000] ACPI: DSDT 0x000000003FFF0470 002325 (v02 VBOX   VBOXBIOS 00000002 INTL 20190509)
[    0.000000] ACPI: FACS 0x000000003FFF0200 000040
[    0.000000] ACPI: FACS 0x000000003FFF0200 000040
[    0.000000] ACPI: APIC 0x000000003FFF0240 00005C (v02 VBOX   VBOXAPIC 00000001 ASL  00000061)
[    0.000000] ACPI: SSDT 0x000000003FFF02A0 0001CC (v01 VBOX   VBOXCPUT 00000002 INTL 20190509)
[    0.000000] ACPI: Reserving FACP table memory at [mem 0x3fff00f0-0x3fff01e3]
[    0.000000] ACPI: Reserving DSDT table memory at [mem 0x3fff0470-0x3fff2794]
[    0.000000] ACPI: Reserving FACS table memory at [mem 0x3fff0200-0x3fff023f]
[    0.000000] ACPI: Reserving FACS table memory at [mem 0x3fff0200-0x3fff023f]
[    0.000000] ACPI: Reserving APIC table memory at [mem 0x3fff0240-0x3fff029b]
[    0.000000] ACPI: Reserving SSDT table memory at [mem 0x3fff02a0-0x3fff046b]
[    0.000000] No NUMA configuration found
[    0.000000] Faking a node at [mem 0x0000000000000000-0x000000003ffeffff]
[    0.000000] NODE_DATA(0) allocated [mem 0x3ffc5000-0x3ffeffff]
[    0.000000] kvm-clock: cpu 0, msr 0:3ff44001, primary cpu clock
[    0.000000] kvm-clock: Using msrs 4b564d01 and 4b564d00
[    0.000000] kvm-clock: using sched offset of 3126189449 cycles
[    0.000000] clocksource: kvm-clock: mask: 0xffffffffffffffff max_cycles: 0x1cd42e4dffb, max_idle_ns: 881590591483 ns
[    0.000000] Zone ranges:
[    0.000000]   DMA      [mem 0x0000000000001000-0x0000000000ffffff]
[    0.000000]   DMA32    [mem 0x0000000001000000-0x000000003ffeffff]
[    0.000000]   Normal   empty
[    0.000000]   Device   empty
[    0.000000] Movable zone start for each node
[    0.000000] Early memory node ranges
[    0.000000]   node   0: [mem 0x0000000000001000-0x000000000009efff]
[    0.000000]   node   0: [mem 0x0000000000100000-0x000000003ffeffff]
[    0.000000] Reserved but unavailable: 104 pages
[    0.000000] Initmem setup node 0 [mem 0x0000000000001000-0x000000003ffeffff]
[    0.000000] ACPI: PM-Timer IO Port: 0x4008
[    0.000000] IOAPIC[0]: apic_id 2, version 32, address 0xfec00000, GSI 0-23
[    0.000000] ACPI: INT_SRC_OVR (bus 0 bus_irq 0 global_irq 2 dfl dfl)
[    0.000000] ACPI: INT_SRC_OVR (bus 0 bus_irq 9 global_irq 9 low level)
[    0.000000] Using ACPI (MADT) for SMP configuration information
[    0.000000] smpboot: Allowing 2 CPUs, 0 hotplug CPUs
[    0.000000] PM: Registered nosave memory: [mem 0x00000000-0x00000fff]
[    0.000000] PM: Registered nosave memory: [mem 0x0009f000-0x0009ffff]
[    0.000000] PM: Registered nosave memory: [mem 0x000a0000-0x000effff]
[    0.000000] PM: Registered nosave memory: [mem 0x000f0000-0x000fffff]
[    0.000000] e820: [mem 0x40000000-0xfebfffff] available for PCI devices
[    0.000000] Booting paravirtualized kernel on KVM
[    0.000000] clocksource: refined-jiffies: mask: 0xffffffff max_cycles: 0xffffffff, max_idle_ns: 7645519600211568 ns
[    0.000000] setup_percpu: NR_CPUS:8192 nr_cpumask_bits:2 nr_cpu_ids:2 nr_node_ids:1
[    0.000000] percpu: Embedded 50 pages/cpu s167936 r8192 d28672 u1048576
[    0.000000] PV qspinlock hash table entries: 256 (order: 0, 4096 bytes)
[    0.000000] Built 1 zonelists, mobility grouping on.  Total pages: 257913
[    0.000000] Policy zone: DMA32
[    0.000000] Kernel command line: BOOT_IMAGE=/boot/vmlinuz-4.15.0-194-generic root=LABEL=cloudimg-rootfs ro console=tty1 console=ttyS0
[    0.000000] Memory: 982652K/1048120K available (12300K kernel code, 2477K rwdata, 4320K rodata, 2472K init, 2720K bss, 65468K reserved, 0K cma-reserved)
[    0.000000] SLUB: HWalign=64, Order=0-3, MinObjects=0, CPUs=2, Nodes=1
[    0.000000] Kernel/User page tables isolation: enabled
[    0.000000] ftrace: allocating 39477 entries in 155 pages
[    0.004000] Hierarchical RCU implementation.
[    0.004000] 	RCU restricting CPUs from NR_CPUS=8192 to nr_cpu_ids=2.
[    0.004000] 	Tasks RCU enabled.
[    0.004000] RCU: Adjusting geometry for rcu_fanout_leaf=16, nr_cpu_ids=2
[    0.004000] NR_IRQS: 524544, nr_irqs: 440, preallocated irqs: 16
[    0.004000] random: crng init done
[    0.004000] Console: colour VGA+ 80x25
[    0.004000] console [tty1] enabled
[    0.004000] console [ttyS0] enabled
[    0.004000] ACPI: Core revision 20170831
[    0.004000] ACPI: 2 ACPI AML tables successfully acquired and loaded
[    0.004000] APIC: Switch to symmetric I/O mode setup
[    0.004000] x2apic enabled
[    0.004000] Switched APIC routing to physical x2apic.
[    0.004000] ..TIMER: vector=0x30 apic1=0 pin1=2 apic2=-1 pin2=-1
[    0.004000] tsc: Detected 2803.198 MHz processor
[    0.004000] Calibrating delay loop (skipped) preset value.. 5606.39 BogoMIPS (lpj=11212792)
[    0.004004] pid_max: default: 32768 minimum: 301
[    0.004509] Security Framework initialized
[    0.004924] Yama: becoming mindful.
[    0.005303] AppArmor: AppArmor initialized
[    0.006333] Dentry cache hash table entries: 131072 (order: 8, 1048576 bytes)
[    0.007345] Inode-cache hash table entries: 65536 (order: 7, 524288 bytes)
[    0.008008] Mount-cache hash table entries: 2048 (order: 2, 16384 bytes)
[    0.008648] Mountpoint-cache hash table entries: 2048 (order: 2, 16384 bytes)
[    0.009537] Last level iTLB entries: 4KB 0, 2MB 0, 4MB 0
[    0.010062] Last level dTLB entries: 4KB 0, 2MB 0, 4MB 0, 1GB 0
[    0.010636] Spectre V1 : Mitigation: usercopy/swapgs barriers and __user pointer sanitization
[    0.011462] Spectre V2 : Mitigation: Retpolines
[    0.012002] Spectre V2 : Spectre v2 / SpectreRSB mitigation: Filling RSB on context switch
[    0.013019] Speculative Store Bypass: Vulnerable
[    0.013592] MDS: Mitigation: Clear CPU buffers
[    0.014240] Freeing SMP alternatives memory: 36K
[    0.125372] smpboot: CPU0: 11th Gen Intel(R) Core(TM) i7-1165G7 @ 2.80GHz (family: 0x6, model: 0x8c, stepping: 0x1)
[    0.126701] Performance Events: unsupported p6 CPU model 140 no PMU driver, software events only.
[    0.127634] Hierarchical SRCU implementation.
[    0.128000] NMI watchdog: Perf event create on CPU 0 failed with -2
[    0.128000] NMI watchdog: Perf NMI watchdog permanently disabled
[    0.128046] smp: Bringing up secondary CPUs ...
[    0.128569] x86: Booting SMP configuration:
[    0.129043] .... node  #0, CPUs:      #1
[    0.004000] kvm-clock: cpu 1, msr 0:3ff44041, secondary cpu clock
[    0.132019] smp: Brought up 1 node, 2 CPUs
[    0.132468] smpboot: Max logical packages: 1
[    0.132927] smpboot: Total of 2 processors activated (11212.79 BogoMIPS)
[    0.133673] devtmpfs: initialized
[    0.133673] x86/mm: Memory block size: 128MB
[    0.133673] evm: security.selinux
[    0.133673] evm: security.SMACK64
[    0.136004] evm: security.SMACK64EXEC
[    0.136394] evm: security.SMACK64TRANSMUTE
[    0.136828] evm: security.SMACK64MMAP
[    0.137217] evm: security.apparmor
[    0.137588] evm: security.ima
[    0.137917] evm: security.capability
[    0.138319] clocksource: jiffies: mask: 0xffffffff max_cycles: 0xffffffff, max_idle_ns: 7645041785100000 ns
[    0.138319] futex hash table entries: 512 (order: 3, 32768 bytes)
[    0.140034] pinctrl core: initialized pinctrl subsystem
[    0.141108] RTC time: 21:43:52, date: 11/03/22
[    0.141732] NET: Registered protocol family 16
[    0.142223] audit: initializing netlink subsys (disabled)
[    0.142779] audit: type=2000 audit(1667511837.043:1): state=initialized audit_enabled=0 res=1
[    0.142779] cpuidle: using governor ladder
[    0.144019] cpuidle: using governor menu
[    0.144612] ACPI: bus type PCI registered
[    0.145185] acpiphp: ACPI Hot Plug PCI Controller Driver version: 0.5
[    0.146743] PCI: Using configuration type 1 for base access
[    0.148000] HugeTLB registered 2.00 MiB page size, pre-allocated 0 pages
[    0.148052] ACPI: Added _OSI(Module Device)
[    0.148493] ACPI: Added _OSI(Processor Device)
[    0.148954] ACPI: Added _OSI(3.0 _SCP Extensions)
[    0.152005] ACPI: Added _OSI(Processor Aggregator Device)
[    0.152550] ACPI: Added _OSI(Linux-Dell-Video)
[    0.153014] ACPI: Added _OSI(Linux-Lenovo-NV-HDMI-Audio)
[    0.153545] ACPI: Added _OSI(Linux-HPI-Hybrid-Graphics)
[    0.154253] ACPI: Executed 1 blocks of module-level executable AML code
[    0.157149] ACPI: Interpreter enabled
[    0.157567] ACPI: (supports S0 S5)
[    0.157944] ACPI: Using IOAPIC for interrupt routing
[    0.158585] PCI: Using host bridge windows from ACPI; if necessary, use "pci=nocrs" and report a bug
[    0.159600] ACPI: Enabled 2 GPEs in block 00 to 07
[    0.163455] ACPI: PCI Root Bridge [PCI0] (domain 0000 [bus 00-ff])
[    0.164009] acpi PNP0A03:00: _OSC: OS supports [ASPM ClockPM Segments MSI]
[    0.165007] acpi PNP0A03:00: _OSC: not requesting OS control; OS requires [ExtendedConfig ASPM ClockPM MSI]
[    0.165974] acpi PNP0A03:00: fail to add MMCONFIG information, can't access extended PCI configuration space under this bridge.
[    0.167322] PCI host bridge to bus 0000:00
[    0.168002] pci_bus 0000:00: root bus resource [io  0x0000-0x0cf7 window]
[    0.168686] pci_bus 0000:00: root bus resource [io  0x0d00-0xffff window]
[    0.169363] pci_bus 0000:00: root bus resource [mem 0x000a0000-0x000bffff window]
[    0.170154] pci_bus 0000:00: root bus resource [mem 0x40000000-0xfdffffff window]
[    0.171322] pci_bus 0000:00: root bus resource [bus 00-ff]
[    0.172889] pci 0000:00:01.1: legacy IDE quirk: reg 0x10: [io  0x01f0-0x01f7]
[    0.173639] pci 0000:00:01.1: legacy IDE quirk: reg 0x14: [io  0x03f6]
[    0.174304] pci 0000:00:01.1: legacy IDE quirk: reg 0x18: [io  0x0170-0x0177]
[    0.175026] pci 0000:00:01.1: legacy IDE quirk: reg 0x1c: [io  0x0376]
[    0.182737] pci 0000:00:07.0: quirk: [io  0x4000-0x403f] claimed by PIIX4 ACPI
[    0.183510] pci 0000:00:07.0: quirk: [io  0x4100-0x410f] claimed by PIIX4 SMB
[    0.188616] ACPI: PCI Interrupt Link [LNKA] (IRQs 5 9 10 *11)
[    0.189431] ACPI: PCI Interrupt Link [LNKB] (IRQs 5 9 *10 11)
[    0.190080] ACPI: PCI Interrupt Link [LNKC] (IRQs 5 *9 10 11)
[    0.190707] ACPI: PCI Interrupt Link [LNKD] (IRQs 5 9 10 *11)
[    0.191542] SCSI subsystem initialized
[    0.192039] pci 0000:00:02.0: vgaarb: setting as boot VGA device
[    0.192649] pci 0000:00:02.0: vgaarb: VGA device added: decodes=io+mem,owns=io+mem,locks=none
[    0.193559] pci 0000:00:02.0: vgaarb: bridge control possible
[    0.194239] vgaarb: loaded
[    0.194599] ACPI: bus type USB registered
[    0.195058] usbcore: registered new interface driver usbfs
[    0.195609] usbcore: registered new interface driver hub
[    0.196015] usbcore: registered new device driver usb
[    0.196566] EDAC MC: Ver: 3.0.0
[    0.196566] PCI: Using ACPI for IRQ routing
[    0.196637] NetLabel: Initializing
[    0.197006] NetLabel:  domain hash size = 128
[    0.197471] NetLabel:  protocols = UNLABELED CIPSOv4 CALIPSO
[    0.198073] NetLabel:  unlabeled traffic allowed by default
[    0.200046] clocksource: Switched to clocksource kvm-clock
[    0.207977] VFS: Disk quotas dquot_6.6.0
[    0.208483] VFS: Dquot-cache hash table entries: 512 (order 0, 4096 bytes)
[    0.209241] AppArmor: AppArmor Filesystem Enabled
[    0.209743] pnp: PnP ACPI init
[    0.210753] pnp: PnP ACPI: found 3 devices
[    0.217813] clocksource: acpi_pm: mask: 0xffffff max_cycles: 0xffffff, max_idle_ns: 2085701024 ns
[    0.219135] NET: Registered protocol family 2
[    0.219742] IP idents hash table entries: 16384 (order: 5, 131072 bytes)
[    0.221042] TCP established hash table entries: 8192 (order: 4, 65536 bytes)
[    0.221796] TCP bind hash table entries: 8192 (order: 5, 131072 bytes)
[    0.222454] TCP: Hash tables configured (established 8192 bind 8192)
[    0.223122] UDP hash table entries: 512 (order: 2, 16384 bytes)
[    0.223735] UDP-Lite hash table entries: 512 (order: 2, 16384 bytes)
[    0.224418] NET: Registered protocol family 1
[    0.224896] pci 0000:00:00.0: Limiting direct PCI/PCI transfers
[    0.226150] pci 0000:00:01.0: Activating ISA DMA hang workarounds
[    0.227681] pci 0000:00:02.0: Video device with shadowed ROM at [mem 0x000c0000-0x000dffff]
[    0.229322] Unpacking initramfs...
[    0.424725] Freeing initrd memory: 19528K
[    0.425300] clocksource: tsc: mask: 0xffffffffffffffff max_cycles: 0x28680e0a5c3, max_idle_ns: 440795346756 ns
[    0.426311] platform rtc_cmos: registered platform RTC device (no PNP device found)
[    0.427196] Scanning for low memory corruption every 60 seconds
[    0.428330] Initialise system trusted keyrings
[    0.428833] Key type blacklist registered
[    0.429306] workingset: timestamp_bits=36 max_order=18 bucket_order=0
[    0.430851] zbud: loaded
[    0.431514] squashfs: version 4.0 (2009/01/31) Phillip Lougher
[    0.432253] fuse init (API version 7.26)
[    0.433622] Key type asymmetric registered
[    0.434052] Asymmetric key parser 'x509' registered
[    0.434550] Block layer SCSI generic (bsg) driver version 0.4 loaded (major 246)
[    0.435285] io scheduler noop registered
[    0.435694] io scheduler deadline registered
[    0.436178] io scheduler cfq registered (default)
[    0.436880] ACPI: AC Adapter [AC] (on-line)
[    0.437381] input: Power Button as /devices/LNXSYSTM:00/LNXPWRBN:00/input/input0
[    0.438173] ACPI: Power Button [PWRF]
[    0.438610] input: Sleep Button as /devices/LNXSYSTM:00/LNXSLPBN:00/input/input1
[    0.439364] ACPI: Sleep Button [SLPF]
[    0.440319] ACPI: Battery Slot [BAT0] (battery present)
[    0.440938] Serial: 8250/16550 driver, 32 ports, IRQ sharing enabled
[    0.462106] 00:02: ttyS0 at I/O 0x3f8 (irq = 4, base_baud = 115200) is a 16550A
[    0.464616] Linux agpgart interface v0.103
[    0.466429] loop: module loaded
[    0.467161] scsi host0: ata_piix
[    0.467576] scsi host1: ata_piix
[    0.467952] ata1: PATA max UDMA/33 cmd 0x1f0 ctl 0x3f6 bmdma 0xd000 irq 14
[    0.468649] ata2: PATA max UDMA/33 cmd 0x170 ctl 0x376 bmdma 0xd008 irq 15
[    0.469542] tun: Universal TUN/TAP device driver, 1.6
[    0.470137] PPP generic driver version 2.4.2
[    0.470631] ehci_hcd: USB 2.0 'Enhanced' Host Controller (EHCI) Driver
[    0.471300] ehci-pci: EHCI PCI platform driver
[    0.471872] ehci-platform: EHCI generic platform driver
[    0.472508] ohci_hcd: USB 1.1 'Open' Host Controller (OHCI) Driver
[    0.473184] ohci-pci: OHCI PCI platform driver
[    0.473661] ohci-platform: OHCI generic platform driver
[    0.474287] uhci_hcd: USB Universal Host Controller Interface driver
[    0.475044] i8042: PNP: PS/2 Controller [PNP0303:PS2K,PNP0f03:PS2M] at 0x60,0x64 irq 1,12
[    0.476318] serio: i8042 KBD port at 0x60,0x64 irq 1
[    0.476990] serio: i8042 AUX port at 0x60,0x64 irq 12
[    0.477882] mousedev: PS/2 mouse device common for all mice
[    0.479258] input: AT Translated Set 2 keyboard as /devices/platform/i8042/serio0/input/input2
[    0.480439] rtc_cmos rtc_cmos: rtc core: registered rtc_cmos as rtc0
[    0.481231] rtc_cmos rtc_cmos: alarms up to one day, 114 bytes nvram
[    0.481855] i2c /dev entries driver
[    0.482272] device-mapper: uevent: version 1.0.3
[    0.482782] device-mapper: ioctl: 4.37.0-ioctl (2017-09-20) initialised: dm-devel@redhat.com
[    0.483891] ledtrig-cpu: registered to indicate activity on CPUs
[    0.484810] NET: Registered protocol family 10
[    0.488104] Segment Routing with IPv6
[    0.488681] NET: Registered protocol family 17
[    0.489327] Key type dns_resolver registered
[    0.490064] mce: Using 0 MCE banks
[    0.490566] RAS: Correctable Errors collector initialized.
[    0.491329] sched_clock: Marking stable (489997094, 0)->(583586142, -93589048)
[    0.492607] registered taskstats version 1
[    0.493207] Loading compiled-in X.509 certificates
[    0.496013] Loaded X.509 cert 'Build time autogenerated kernel key: 6303a3b02fa1c7713b8a75ba7ba622fabd5dd271'
[    0.497957] Loaded X.509 cert 'Canonical Ltd. Live Patch Signing: 14df34d1a87cf37625abec039ef2bf521249b969'
[    0.499619] Loaded X.509 cert 'Canonical Ltd. Kernel Module Signing: 88f752e560a1e0737e31163a466ad7b70a850c19'
[    0.500711] blacklist: Loading compiled-in revocation X.509 certificates
[    0.501387] Loaded X.509 cert 'Canonical Ltd. Secure Boot Signing: 61482aa2830d0ab2ad5af10b7250da9033ddcef0'
[    0.502352] zswap: loaded using pool lzo/zbud
[    0.504855] Key type big_key registered
[    0.505274] Key type trusted registered
[    0.506708] Key type encrypted registered
[    0.507139] AppArmor: AppArmor sha1 policy hashing enabled
[    0.507699] ima: No TPM chip found, activating TPM-bypass! (rc=-19)
[    0.508334] ima: Allocated hash algorithm: sha1
[    0.508813] evm: HMAC attrs: 0x1
[    0.509325]   Magic number: 14:169:752
[    0.509737] tty ttyS3: hash matches
[    0.510188] rtc_cmos rtc_cmos: setting system clock to 2022-11-03 21:43:52 UTC (1667511832)
[    0.511263] BIOS EDD facility v0.16 2004-Jun-25, 0 devices found
[    0.511975] EDD information not available.
[    0.654568] Freeing unused kernel image memory: 2472K
[    0.668127] Write protecting the kernel read-only data: 20480k
[    0.669265] Freeing unused kernel image memory: 2008K
[    0.670105] Freeing unused kernel image memory: 1824K
[    0.674257] x86/mm: Checked W+X mappings: passed, no W+X pages found.
[    0.675004] x86/mm: Checking user space page tables
[    0.679422] x86/mm: Checked W+X mappings: passed, no W+X pages found.
Loading, please wait...
starting version 237
[    0.722434] e1000: Intel(R) PRO/1000 Network Driver - version 7.3.21-k8-NAPI
[    0.723376] e1000: Copyright (c) 1999-2006 Intel Corporation.
[    0.726764] Fusion MPT base driver 3.04.20
[    0.727308] Copyright (c) 1999-2008 LSI Corporation
[    0.734662] AVX2 version of gcm_enc/dec engaged.
[    0.735238] AES CTR mode by8 optimization enabled
[    0.739377] Fusion MPT SPI Host driver 3.04.20
[    0.937614] input: ImExPS/2 Generic Explorer Mouse as /devices/platform/i8042/serio1/input/input4
[    1.143744] e1000 0000:00:03.0 eth0: (PCI:33MHz:32-bit) 02:8e:c5:29:b5:69
[    1.145006] e1000 0000:00:03.0 eth0: Intel(R) PRO/1000 Network Connection
[    1.750546] e1000 0000:00:08.0 eth1: (PCI:33MHz:32-bit) 08:00:27:99:a2:a0
[    1.751657] e1000 0000:00:08.0 eth1: Intel(R) PRO/1000 Network Connection
[    1.753545] mptbase: ioc0: Initiating bringup
[    1.753595] e1000 0000:00:08.0 enp0s8: renamed from eth1
[    1.792168] e1000 0000:00:03.0 enp0s3: renamed from eth0
[    2.734325] ioc0: LSI53C1030 A0: Capabilities={Initiator}
[    4.746633] scsi host2: ioc0: LSI53C1030 A0, FwRev=00000000h, Ports=1, MaxQ=256, IRQ=20
[    8.144730] scsi 2:0:0:0: Direct-Access     VBOX     HARDDISK         1.0  PQ: 0 ANSI: 5
[    8.718253] scsi target2:0:0: Beginning Domain Validation
[    8.719771] scsi target2:0:0: Domain Validation skipping write tests
[    8.720519] scsi target2:0:0: Ending Domain Validation
[    8.721149] scsi target2:0:0: asynchronous
[    8.721803] scsi 2:0:1:0: Direct-Access     VBOX     HARDDISK         1.0  PQ: 0 ANSI: 5
[    9.146926] scsi target2:0:1: Beginning Domain Validation
[    9.150396] scsi target2:0:1: Domain Validation skipping write tests
[    9.152190] scsi target2:0:1: Ending Domain Validation
[    9.153965] scsi target2:0:1: asynchronous
[    9.156083] sd 2:0:0:0: Attached scsi generic sg0 type 0
[    9.157264] sd 2:0:0:0: [sda] 83886080 512-byte logical blocks: (42.9 GB/40.0 GiB)
[    9.157306] sd 2:0:1:0: [sdb] 20480 512-byte logical blocks: (10.5 MB/10.0 MiB)
[    9.158164] sd 2:0:1:0: Attached scsi generic sg1 type 0
[    9.158830] sd 2:0:1:0: [sdb] Write Protect is off
[    9.159368] sd 2:0:0:0: [sda] Write Protect is off
[    9.160528] sd 2:0:1:0: [sdb] Incomplete mode parameter data
[    9.160542] sd 2:0:0:0: [sda] Incomplete mode parameter data
[    9.161187] sd 2:0:1:0: [sdb] Assuming drive cache: write through
[    9.161861] sd 2:0:0:0: [sda] Assuming drive cache: write through
[    9.165124]  sda: sda1
[    9.165508] sd 2:0:1:0: [sdb] Attached SCSI disk
[    9.166231] sd 2:0:0:0: [sda] Attached SCSI disk
Begin: Loading essential drivers ... [   11.060170] raid6: sse2x1   gen() 20954 MB/s
[   11.117260] raid6: sse2x1   xor() 13389 MB/s
[   11.175846] raid6: sse2x2   gen() 28596 MB/s
[   11.229198] raid6: sse2x2   xor() 16824 MB/s
[   11.279711] raid6: sse2x4   gen() 25533 MB/s
[   11.333101] raid6: sse2x4   xor() 15165 MB/s
[   11.387958] raid6: avx2x1   gen() 40459 MB/s
[   11.436552] raid6: avx2x1   xor() 21458 MB/s
[   11.485081] raid6: avx2x2   gen() 44021 MB/s
[   11.532543] raid6: avx2x2   xor() 28960 MB/s
[   11.583668] raid6: avx2x4   gen() 45665 MB/s
[   11.635511] raid6: avx2x4   xor() 25078 MB/s
[   11.636105] raid6: using algorithm avx2x4 gen() 45665 MB/s
[   11.636744] raid6: .... xor() 25078 MB/s, rmw enabled
[   11.637341] raid6: using avx2x2 recovery algorithm
[   11.638650] xor: automatically using best checksumming function   avx       
[   11.639961] async_tx: api initialized (async)
done.
Begin: Running /scripts/init-premount ... done.
Begin: Mounting root file system ... Begin: Running /scripts/local-top ... done.
Begin: Running /scripts/local-premount ... [   11.670496] Btrfs loaded, crc32c=crc32c-intel
Scanning for Btrfs filesystems
done.
Warning: fsck not present, so skipping root file system
[   11.685961] EXT4-fs (sda1): mounted filesystem with ordered data mode. Opts: (null)
done.
Begin: Running /scripts/local-bottom ... done.
Begin: Running /scripts/init-bottom ... done.
[   11.790594] ip_tables: (C) 2000-2006 Netfilter Core Team
[   11.795460] systemd[1]: systemd 237 running in system mode. (+PAM +AUDIT +SELINUX +IMA +APPARMOR +SMACK +SYSVINIT +UTMP +LIBCRYPTSETUP +GCRYPT +GNUTLS +ACL +XZ +LZ4 +SECCOMP +BLKID +ELFUTILS +KMOD -IDN2 +IDN -PCRE2 default-hierarchy=hybrid)
[   11.798026] systemd[1]: Detected virtualization oracle.
[   11.798582] systemd[1]: Detected architecture x86-64.

Welcome to [1mUbuntu 18.04.6 LTS[0m!

[   11.802354] systemd[1]: Set hostname to <ubuntu>.
[   11.803862] systemd[1]: Initializing machine ID from random generator.
[   11.804553] systemd[1]: Installed transient /etc/machine-id file.
[   11.942553] systemd[1]: Created slice User and Session Slice.
[[0;32m  OK  [0m] Created slice User and Session Slice.
[   11.943912] systemd[1]: Set up automount Arbitrary Executable File Formats File System Automount Point.
[[0;32m  OK  [0m] Set up automount Arbitrary Executab…rmats File System Automount Point.
[   11.945559] systemd[1]: Reached target System Time Synchronized.
[[0;32m  OK  [0m] Reached target System Time Synchronized.
[   11.946625] systemd[1]: Started Forward Password Requests to Wall Directory Watch.
[[0;32m  OK  [0m] Started Forward Password Requests to Wall Directory Watch.
[[0;32m  OK  [0m] Created slice System Slice.
[[0;32m  OK  [0m] Created slice system-serial\x2dgetty.slice.
[[0;32m  OK  [0m] Listening on LVM2 metadata daemon socket.
[[0;32m  OK  [0m] Listening on Journal Audit Socket.
[[0;32m  OK  [0m] Listening on fsck to fsckd communication Socket.
[[0;32m  OK  [0m] Listening on Journal Socket (/dev/log).
[[0;32m  OK  [0m] Listening on Device-mapper event daemon FIFOs.
[[0;32m  OK  [0m] Listening on udev Control Socket.
[[0;32m  OK  [0m] Listening on udev Kernel Socket.
[[0;32m  OK  [0m] Listening on LVM2 poll daemon socket.
[[0;32m  OK  [0m] Listening on /dev/initctl Compatibility Named Pipe.
[[0;32m  OK  [0m] Listening on Network Service Netlink Socket.
[[0;32m  OK  [0m] Listening on Syslog Socket.
[[0;32m  OK  [0m] Reached target Swap.
[[0;32m  OK  [0m] Reached target User and Group Name Lookups.
[[0;32m  OK  [0m] Reached target Slices.
[[0;32m  OK  [0m] Listening on Journal Socket.
         Starting Uncomplicated firewall...
         Starting Set the console keyboard layout...
         Mounting POSIX Message Queue File System...
         Starting Monitoring of LVM2 mirrors…ng dmeventd or progress polling...
         Starting Load Kernel Modules...
         Starting Journal Service...
         Starting udev Coldplug all Devices...
         Mounting Kernel Debug File System...
         Starting Create list of required st…ce nodes for the current kernel...
         Mounting Huge Pages File System...
         Starting File System Check on Root Device...
[[0;32m  OK  [0m] Started Uncomplicated firewall.
[[0;32m  OK  [0m] Mounted POSIX Message Queue File System.
[[0;32m  OK  [0m] Mounted Kernel Debug File System.
[[0;32m  OK  [0m] Mounted Huge Pages File System.
[[0;32m  OK  [0m] Started LVM2 metadata daemon.
[   12.008901] Loading iSCSI transport class v2.0-870.
[   12.012857] iscsi: registered transport (tcp)
[   12.023395] iscsi: registered transport (iser)
[[0;32m  OK  [0m] Started Load Kernel Modules.
         Mounting Kernel Configuration File System...
         Mounting FUSE Control File System...
         Starting Apply Kernel Variables...
[[0;32m  OK  [0m] Mounted Kernel Configuration File System.
[[0;32m  OK  [0m] Mounted FUSE Control File System.
[[0;32m  OK  [0m] Started Journal Service.
[[0;32m  OK  [0m] Started Create list of required sta…vice nodes for the current kernel.
[[0;32m  OK  [0m] Started udev Coldplug all Devices.
[[0;32m  OK  [0m] Started File System Check Daemon to report status.
         Starting Create Static Device Nodes in /dev...
[[0;32m  OK  [0m] Started Monitoring of LVM2 mirrors,…sing dmeventd or progress polling.
[[0;32m  OK  [0m] Started Apply Kernel Variables.
[[0;32m  OK  [0m] Started File System Check on Root Device.
         Starting Remount Root and Kernel File Systems...
[[0;32m  OK  [0m] Started Set the console keyboard layout.
[[0;32m  OK  [0m] Started Create Static Device Nodes in /dev.
[[0;32m  OK  [0m] Started Remount Root and Kernel File Systems.
         Starting Load/Save Random Seed...
         Starting Flush Journal to Persistent Storage...
[[0;32m  OK  [0m] Reached target Local File Systems (Pre).
[[0;32m  OK  [0m] Reached target Local File Systems.
         Starting ebtables ruleset management...
         Starting AppArmor initialization...
         Starting Set console font and keymap...
         Starting Tell Plymouth To Write Out Runtime Data...
         Starting Commit a transient machine-id on disk...
         Starting udev Kernel Device Manager...
[[0;32m  OK  [0m] Started Set console font and keymap.
[[0;32m  OK  [0m] Started Load/Save Random Seed.
[[0;32m  OK  [0m] Started Tell Plymouth To Write Out Runtime Data.
[[0;32m  OK  [0m] Started udev Kernel Device Manager.
[[0;32m  OK  [0m] Started Dispatch Password Requests to Console Directory Watch.
[[0;32m  OK  [0m] Reached target Local Encrypted Volumes.
[[0;32m  OK  [0m] Started Flush Journal to Persistent Storage.
         Starting Create Volatile Files and Directories...
[[0;32m  OK  [0m] Started Commit a transient machine-id on disk.
[[0;32m  OK  [0m] Started Create Volatile Files and Directories.
         Starting Update UTMP about System Boot/Shutdown...
[[0;32m  OK  [0m] Started Update UTMP about System Boot/Shutdown.
[[0;32m  OK  [0m] Started ebtables ruleset management.
[[0;32m  OK  [0m] Found device /dev/ttyS0.
[[0;32m  OK  [0m] Listening on Load/Save RF Kill Switch Status /dev/rfkill Watch.
[[0;32m  OK  [0m] Started AppArmor initialization.
         Starting Initial cloud-init job (pre-networking)...
         Starting Load AppArmor profiles managed internally by snapd...
[[0;32m  OK  [0m] Started Load AppArmor profiles managed internally by snapd.
[   13.684107] cloud-init[564]: Cloud-init v. 22.2-0ubuntu1~18.04.3 running 'init-local' at Thu, 03 Nov 2022 21:44:05 +0000. Up 13.46 seconds.
[[0;32m  OK  [0m] Started Initial cloud-init job (pre-networking).
[[0;32m  OK  [0m] Reached target Network (Pre).
         Starting Network Service...
[[0;32m  OK  [0m] Started Network Service.
         Starting Network Name Resolution...
         Starting Wait for Network to be Configured...
[[0;32m  OK  [0m] Started Network Name Resolution.
[[0;32m  OK  [0m] Reached target Network.
[[0;32m  OK  [0m] Reached target Host and Network Name Lookups.
[[0;32m  OK  [0m] Started Wait for Network to be Configured.
         Starting Initial cloud-init job (metadata service crawler)...
[   15.327375] cloud-init[696]: Cloud-init v. 22.2-0ubuntu1~18.04.3 running 'init' at Thu, 03 Nov 2022 21:44:07 +0000. Up 15.24 seconds.
[   15.328358] cloud-init[696]: ci-info: ++++++++++++++++++++++++++++++++++++++Net device info+++++++++++++++++++++++++++++++++++++++
[   15.329219] cloud-init[696]: ci-info: +--------+-------+----------------------------+---------------+--------+-------------------+
[   15.330388] cloud-init[696]: ci-info: | Device |   Up  |          Address           |      Mask     | Scope  |     Hw-Address    |
[   15.331628] cloud-init[696]: ci-info: +--------+-------+----------------------------+---------------+--------+-------------------+
[   15.332912] cloud-init[696]: ci-info: | enp0s3 |  True |         10.0.2.15          | 255.255.255.0 | global | 02:8e:c5:29:b5:69 |
[   15.334112] cloud-init[696]: ci-info: | enp0s3 |  True | fe80::8e:c5ff:fe29:b569/64 |       .       |  link  | 02:8e:c5:29:b5:69 |
[   15.334948] cloud-init[696]: ci-info: | enp0s8 | False |             .              |       .       |   .    | 08:00:27:99:a2:a0 |
[   15.335761] cloud-init[696]: ci-info: |   lo   |  True |         127.0.0.1          |   255.0.0.0   |  host  |         .         |
[   15.336604] cloud-init[696]: ci-info: |   lo   |  True |          ::1/128           |       .       |  host  |         .         |
[   15.337455] cloud-init[696]: ci-info: +--------+-------+----------------------------+---------------+--------+-------------------+
[   15.338382] cloud-init[696]: ci-info: ++++++++++++++++++++++++++++Route IPv4 info+++++++++++++++++++++++++++++
[   15.339180] cloud-init[696]: ci-info: +-------+-------------+----------+-----------------+-----------+-------+
[   15.340014] cloud-init[696]: ci-info: | Route | Destination | Gateway  |     Genmask     | Interface | Flags |
[   15.340849] cloud-init[696]: ci-info: +-------+-------------+----------+-----------------+-----------+-------+
[   15.341674] cloud-init[696]: ci-info: |   0   |   0.0.0.0   | 10.0.2.2 |     0.0.0.0     |   enp0s3  |   UG  |
[   15.342530] cloud-init[696]: ci-info: |   1   |   10.0.2.0  | 0.0.0.0  |  255.255.255.0  |   enp0s3  |   U   |
[   15.343357] cloud-init[696]: ci-info: |   2   |   10.0.2.2  | 0.0.0.0  | 255.255.255.255 |   enp0s3  |   UH  |
[   15.344599] cloud-init[696]: ci-info: +-------+-------------+----------+-----------------+-----------+-------+
[   15.345604] cloud-init[696]: ci-info: +++++++++++++++++++Route IPv6 info+++++++++++++++++++
[   15.346441] cloud-init[696]: ci-info: +-------+-------------+---------+-----------+-------+
[   15.347016] cloud-init[696]: ci-info: | Route | Destination | Gateway | Interface | Flags |
[   15.347640] cloud-init[696]: ci-info: +-------+-------------+---------+-----------+-------+
[   15.348279] cloud-init[696]: ci-info: |   1   |  fe80::/64  |    ::   |   enp0s3  |   U   |
[   15.348902] cloud-init[696]: ci-info: |   3   |    local    |    ::   |   enp0s3  |   U   |
[   15.349506] cloud-init[696]: ci-info: |   4   |   ff00::/8  |    ::   |   enp0s3  |   U   |
[   15.350140] cloud-init[696]: ci-info: +-------+-------------+---------+-----------+-------+
[   15.890727] cloud-init[696]: Generating public/private rsa key pair.
[   15.891410] cloud-init[696]: Your identification has been saved in /etc/ssh/ssh_host_rsa_key.
[   15.892293] cloud-init[696]: Your public key has been saved in /etc/ssh/ssh_host_rsa_key.pub.
[   15.893125] cloud-init[696]: The key fingerprint is:
[   15.893667] cloud-init[696]: SHA256:rbSWP7sH55n6AWf69qUaClzGw0vLU9MOpgLcSEc0LjE root@ubuntu-bionic
[   15.894325] cloud-init[696]: The key's randomart image is:
[   15.894941] cloud-init[696]: +---[RSA 2048]----+
[   15.895353] cloud-init[696]: |      E.+        |
[   15.895869] cloud-init[696]: |       = .       |
[   15.896446] cloud-init[696]: |      o o        |
[   15.896985] cloud-init[696]: |     o = +   .   |
[   15.908318] cloud-init[696]: |      + S X B .  |
[   15.908927] cloud-init[696]: |       + O.%.+   |
[   15.909473] cloud-init[696]: |        O B+oo. .|
[   15.910028] cloud-init[696]: |       . +.+*o o |
[   15.910520] cloud-init[696]: |          *O+oo  |
[   15.910905] cloud-init[696]: +----[SHA256]-----+
[   15.911424] cloud-init[696]: Generating public/private dsa key pair.
[   15.912141] cloud-init[696]: Your identification has been saved in /etc/ssh/ssh_host_dsa_key.
[   15.912855] cloud-init[696]: Your public key has been saved in /etc/ssh/ssh_host_dsa_key.pub.
[   15.913801] cloud-init[696]: The key fingerprint is:
[   15.914326] cloud-init[696]: SHA256:derek84ejVFhvmF0I64dTM70J6kq6EN/ohxnwGBCtoA root@ubuntu-bionic
[   15.915227] cloud-init[696]: The key's randomart image is:
[   15.915843] cloud-init[696]: +---[DSA 1024]----+
[   15.916430] cloud-init[696]: |o o          ++..|
[   15.916988] cloud-init[696]: |E+ .        B+o+.|
[   15.917565] cloud-init[696]: |  o o     . .*B..|
[   15.918132] cloud-init[696]: |   o o   . oo+.+.|
[   15.918696] cloud-init[696]: |      o S ..o..  |
[   15.919265] cloud-init[696]: |      .o . . +   |
[   15.919833] cloud-init[696]: |     .o.+ o o..  |
[   15.920441] cloud-init[696]: |     o.+oo.oo.   |
[   15.921012] cloud-init[696]: |      +o o.o=.   |
[   15.921601] cloud-init[696]: +----[SHA256]-----+
[   15.922518] cloud-init[696]: Generating public/private ecdsa key pair.
[   15.923618] cloud-init[696]: Your identification has been saved in /etc/ssh/ssh_host_ecdsa_key.
[   15.924884] cloud-init[696]: Your public key has been saved in /etc/ssh/ssh_host_ecdsa_key.pub.
[   15.925998] cloud-init[696]: The key fingerprint is:
[   15.926587] cloud-init[696]: SHA256:5bjOsLa9oh5dENvB61IzGj4a/D12SCpktHu5CfvwN7Q root@ubuntu-bionic
[   15.927439] cloud-init[696]: The key's randomart image is:
[   15.927917] cloud-init[696]: +---[ECDSA 256]---+
[   15.928504] cloud-init[696]: |      ...        |
[   15.929065] cloud-init[696]: |       +..       |
[   15.929642] cloud-init[696]: |      o ...      |
[   15.930211] cloud-init[696]: |    . ..=+       |
[   15.930800] cloud-init[696]: |   o o =So.      |
[   15.931333] cloud-init[696]: |    *.=.+.       |
[   15.931843] cloud-init[696]: |   o+=oO.o       |
[   15.932417] cloud-init[696]: |    +*BBE .      |
[   15.932983] cloud-init[696]: |   .+*B*==       |
[   15.933521] cloud-init[696]: [[0;32m  OK  [0m] Started Initial cloud-init job (metadata service crawler).
[[0;32m  OK  [0m] Reached target System Initialization.
[[0;32m  OK  [0m] Started Daily apt download activities.
+----[SHA256]-----+
[   15.935197] cloud-init[696]: Generating public/private ed25519 key pair.
[   15.935714] cloud-init[696]: Your identification has been saved in /etc/ssh/ssh_host_ed25519_key.
[   15.936391] cloud-init[696]: Your public key has been saved in /etc/ssh/ssh_host_ed25519_key.pub.
[   15.937122] cloud-init[696]: The key fingerprint is:
         Starting LXD - unix socket.
[   15.937864] cloud-init[[0;32m  OK  [0m] Listening on UUID daemon activation socket.
[[0;32m  OK  [0m] Listening on Open-iSCSI iscsid Socket.
[[0;32m  OK  [0m] Started Message of the Day.
[[0;32m  OK  [0m] Started Discard unused blocks once a week.
[[0;32m  OK  [0m] Started Daily Cleanup of Temporary Directories.
[[0;32m  OK  [0m] Started Daily apt upgrade and clean activities.
[[0;32m  OK  [0m] Listening on ACPID Listen Socket.
[[0;32m  OK  [0m] Started ACPI Events Check.
[[0;32m  OK  [0m] Reached target Paths.
[[0;32m  OK  [0m] Listening on D-Bus System Message Bus Socket.
[[0;32m  OK  [0m] Listening on cloud-init hotplug hook socket.
[696]:          Starting Socket activation for snappy daemon.
[[0;32m  OK  [0m] Started Ubuntu Advantage Timer for running repeated jobs.
[[0;32m  OK  [0m] Reached target Timers.
[[0;32m  OK  [0m] Reached target Cloud-config availability.
[[0;32m  OK  [0m] Reached target Network is Online.
SHA256:IJ5toqb8jFScdbXbNEP95f8LkMaXwepoP+mOs/1Li9s root@ubuntu-bionic
[[0;32m  OK  [0m] Reached target Remote File Systems (Pre).
[[0;32m  OK  [0m] Reached target Remote File Systems.
[   15.950898] cloud-init[696]: The key's randomart image is:
[   15.964956] cloud-init         Starting Availability of block devices...
[[0;32m  OK  [0m] Listening on LXD - unix socket.
[[0;32m  OK  [0m] Listening on Socket activation for snappy daemon.
[[0;32m  OK  [0m] Reached target Sockets.
[[0;32m  OK  [0m] Reached target Basic System.
[696]: +--[ED25519 256]--+
[   15.967234] cloud-init[696]: [[0;32m  OK  [0m] Started Regular background program processing daemon.
         Starting System Logging Service...
|         . ..    |
[   15.969678] cloud-init[696]: |        . o ..  .|
         Starting Login Service...
         Starting Virtualbox guest utils...
         Starting LSB: automatic crash report generation...
[   15.974020] cloud-init[696]: |    .... . + o...|
         Starting Dispatcher daemon for systemd-networkd...
[   15.975610] cloud-init[696]: |  ..o+..  = = o..|
         Starting Permit User Sessions...
         Starting Accounts Service...
         Starting Snap Daemon...
[[0;32m  OK  [0m] Started Deferred execution scheduler.
[   15.979428] cloud-init[696]: |   ++ o S. B o  .|
[   15.981305] cloud-init[696]: |  .. o    + o   .|
[   15.981772] cloud-init[696]: | .o      o ..o  .|
[   15.982222] cloud-init[696]: |ooo     ..+o+ o .|
[   15.982742] cloud-init[696]: |.o.o     o=B+E...|
[   15.982798] cloud-init[696]: +----[SHA256]-----+
[[0;32m  OK  [0m] Started irqbalance daemon.
[[0;32m  OK  [0m] Started FUSE filesystem for LXC.
[[0;32m  OK  [0m] Started D-Bus System Message Bus.
[[0;32m  OK  [0m] Started Login Service.
[[0;32m  OK  [0m] Started Unattended Upgrades Shutdown.
         Starting Pollinate to seed the pseudo random number generator...
         Starting LSB: Record successful boot for GRUB...
         Starting LXD - container startup/shutdown...
[[0;32m  OK  [0m] Started System Logging Service.
[[0;32m  OK  [0m] Started Availability of block devices.
[[0;32m  OK  [0m] Started Permit User Sessions.
         Starting Authorization Manager...
         Starting Hold until boot process finishes up...
         Starting Terminate Plymouth Boot Screen...
[[0;32m  OK  [0m] Started Hold until boot process finishes up.
[[0;32m  OK  [0m] Started Serial Getty on ttyS0.
         Starting Set console scheme...
[[0;32m  OK  [0m] Started Terminate Plymouth Boot Screen.
[[0;32m  OK  [0m] Started Authorization Manager.
[[0;32m  OK  [0m] Started Accounts Service.
[[0;32m  OK  [0m] Started Set console scheme.
[[0;32m  OK  [0m] Created slice system-getty.slice.
[[0;32m  OK  [0m] Started Getty on tty1.
[[0;32m  OK  [0m] Reached target Login Prompts.
[[0;32m  OK  [0m] Started LSB: automatic crash report generation.
[[0;32m  OK  [0m] Started LXD - container startup/shutdown.
[[0;32m  OK  [0m] Started Virtualbox guest utils.
[[0;32m  OK  [0m] Started LSB: Record successful boot for GRUB.
[[0;32m  OK  [0m] Started Dispatcher daemon for systemd-networkd.
[[0;32m  OK  [0m] Started Snap Daemon.
         Starting Wait until snapd is fully seeded...
         Starting Time & Date Service...
[[0;32m  OK  [0m] Started Time & Date Service.
[[0;32m  OK  [0m] Started Pollinate to seed the pseudo random number generator.
         Starting OpenBSD Secure Shell server...
[[0;32m  OK  [0m] Started OpenBSD Secure Shell server.
[[0;32m  OK  [0m] Started Wait until snapd is fully seeded.
         Starting Apply the settings specified in cloud-config...
[[0;32m  OK  [0m] Created slice User Slice of vagrant.
         Starting User Manager for UID 1000...
[[0;32m  OK  [0m] Started Session 1 of user vagrant.
[[0;32m  OK  [0m] Started User Manager for UID 1000.
[   19.994107] cloud-init[1256]: Cloud-init v. 22.2-0ubuntu1~18.04.3 running 'modules:config' at Thu, 03 Nov 2022 21:44:11 +0000. Up 19.66 seconds.
[[0;32m  OK  [0m] Started Apply the settings specified in cloud-config.
[[0;32m  OK  [0m] Reached target Multi-User System.
[[0;32m  OK  [0m] Reached target Graphical Interface.
         Starting Update UTMP about System Runlevel Changes...
         Starting Execute cloud user/final scripts...
[[0;32m  OK  [0m] Started Update UTMP about System Runlevel Changes.
ci-info: no authorized SSH keys fingerprints found for user ubuntu.
<14>Nov  3 21:44:12 cloud-init: #############################################################
<14>Nov  3 21:44:12 cloud-init: -----BEGIN SSH HOST KEY FINGERPRINTS-----
<14>Nov  3 21:44:12 cloud-init: 1024 SHA256:derek84ejVFhvmF0I64dTM70J6kq6EN/ohxnwGBCtoA root@ubuntu-bionic (DSA)
<14>Nov  3 21:44:12 cloud-init: 256 SHA256:5bjOsLa9oh5dENvB61IzGj4a/D12SCpktHu5CfvwN7Q root@ubuntu-bionic (ECDSA)
<14>Nov  3 21:44:12 cloud-init: 256 SHA256:IJ5toqb8jFScdbXbNEP95f8LkMaXwepoP+mOs/1Li9s root@ubuntu-bionic (ED25519)
<14>Nov  3 21:44:12 cloud-init: 2048 SHA256:rbSWP7sH55n6AWf69qUaClzGw0vLU9MOpgLcSEc0LjE root@ubuntu-bionic (RSA)
<14>Nov  3 21:44:12 cloud-init: -----END SSH HOST KEY FINGERPRINTS-----
<14>Nov  3 21:44:12 cloud-init: #############################################################
-----BEGIN SSH HOST KEY KEYS-----
ecdsa-sha2-nistp256 AAAAE2VjZHNhLXNoYTItbmlzdHAyNTYAAAAIbmlzdHAyNTYAAABBBMLFBuVd6MS1OBdzq4L2/cezrLX0J2XVN9/GGikU+YCwOuzOK1wxulbh8jaatIYrQ+j4wXeVgXC/Z4StoAC9Gi8= root@ubuntu-bionic
ssh-ed25519 AAAAC3NzaC1lZDI1NTE5AAAAICL4eAbr2AyJY4czi2VMp6AE+FUs9Qv9/vuZ3oBPpsl1 root@ubuntu-bionic
ssh-rsa AAAAB3NzaC1yc2EAAAADAQABAAABAQCualW+CrYVw2xI283cG2cHKe6XtSsL/cZAlDt+/zmZCPfBdlvDKkOEr/JErZ+s571dmHBVMDF2WvOuqXORZ+8SKQe65noGTOJLiVwTeRNyFqYONcY2oaVn6QuG7n5wVAUeq/Tzm3/1CQLQRJ6jFmysKTJxyKBJyWyS7pggzblOF20zy2z/hRri64bbnZRXh1Cppgb+W+92FFYwpWpe+lwE5y1PyGa/JSXl2xkAlwe4Bcfq6gXh+S6fAGDn0aXGpqhF3MrlB6fvsNoXtph6R04rYgg5kzaweJ/KkXEaTe0mPDQ8yxraoAUFCZdfiLo4ixfjhSYkSBvDsCOrlBBykOFp root@ubuntu-bionic
-----END SSH HOST KEY KEYS-----
[   20.519051] cloud-init[1357]: Cloud-init v. 22.2-0ubuntu1~18.04.3 running 'modules:final' at Thu, 03 Nov 2022 21:44:12 +0000. Up 20.30 seconds.
[   20.520074] cloud-init[1357]: Cloud-init v. 22.2-0ubuntu1~18.04.3 finished at Thu, 03 Nov 2022 21:44:12 +0000. Datasource DataSou[[0;32m  OK  [0m] Stopped Unattended Upgrades Shutdown.
[[0;32m  OK  [0m] Closed Load/Save RF Kill Switch Status /dev/rfkill Watch.
[[0;32m  OK  [0m] Stopped target Cloud-init target.
[[0;32m  OK  [0m] Stopped target Host and Network Name Lookups.
         Stopping Authorization Manager...
[[0;32m  OK  [0m] Stopped Execute cloud user/final scripts.
[[0;32m  OK  [0m] Stopped Apply the settings specified in cloud-config.
[[0;32m  OK  [0m] Stopped target Cloud-config availability.
         Stopping Availability of block devices...
         Stopping User Manager for UID 1000...
[[0;32m  OK  [0m] Stopped target Timers.
[[0;32m  OK  [0m] Stopped Ubuntu Advantage Timer for running repeated jobs.
[[0;32m  OK  [0m] Stopped Daily apt upgrade and clean activities.
[[0;32m  OK  [0m] Stopped Discard unused blocks once a week.
[[0;32m  OK  [0m] Stopped target Graphical Interface.
[[0;32m  OK  [0m] Stopped target Multi-User System.
[[0;32m  OK  [0m] Stopped Wait until snapd is fully seeded.
         Stopping irqbalance daemon...
         Stopping MySQL Community Server...
         Stopping Virtualbox guest utils...
         Stopping Dispatcher daemon for systemd-networkd...
         Stopping LSB: Record successful boot for GRUB...
         Stopping FUSE filesystem for LXC...
         Stopping D-Bus System Message Bus...
         Stopping Deferred execution scheduler...
         Stopping LXD - container startup/shutdown...
         Stopping Regular background program processing daemon...
         Stopping System Logging Service...
[[0;32m  OK  [0m] Stopped target Login Prompts.
         Stopping Getty on tty1...
         Stopping Serial Getty on ttyS0...
         Stopping LSB: automatic crash report generation...
         Stopping Accounts Service...
         Stopping Session 5 of user vagrant.
[[0;32m  OK  [0m] Stopped Daily apt download activities.
[[0;32m  OK  [0m] Stopped Message of the Day.
[[0;32m  OK  [0m] Stopped Daily Cleanup of Temporary Directories.
         Stopping OpenBSD Secure Shell server...
[[0;32m  OK  [0m] Stopped target System Time Synchronized.
[[0;32m  OK  [0m] Unmounted /var/lib/lxcfs.
[[0;32m  OK  [0m] Stopped Dispatcher daemon for systemd-networkd.
[[0;32m  OK  [0m] Stopped Deferred execution scheduler.
[[0;32m  OK  [0m] Stopped Regular background program processing daemon.
[[0;32m  OK  [0m] Stopped Accounts Service.
[[0;32m  OK  [0m] Stopped System Logging Service.
[[0;32m  OK  [0m] Stopped irqbalance daemon.
[[0;32m  OK  [0m] Stopped Serial Getty on ttyS0.
[[0;32m  OK  [0m] Stopped Getty on tty1.
[[0;32m  OK  [0m] Stopped Authorization Manager.
[[0;32m  OK  [0m] Stopped OpenBSD Secure Shell server.
[[0;32m  OK  [0m] Stopped User Manager for UID 1000.
[[0;32m  OK  [0m] Stopped Availability of block devices.
[[0;32m  OK  [0m] Stopped D-Bus System Message Bus.
[[0;32m  OK  [0m] Stopped FUSE filesystem for LXC.
[[0;32m  OK  [0m] Stopped Session 5 of user vagrant.
[[0;32m  OK  [0m] Removed slice User Slice of vagrant.
         Stopping Login Service...
[[0;32m  OK  [0m] Removed slice system-getty.slice.
         Stopping Permit User Sessions...
[[0;32m  OK  [0m] Removed slice system-serial\x2dgetty.slice.
[[0;32m  OK  [0m] Stopped LXD - container startup/shutdown.
[[0;32m  OK  [0m] Stopped Permit User Sessions.
[[0;32m  OK  [0m] Stopped LSB: Record successful boot for GRUB.
[[0;32m  OK  [0m] Stopped LSB: automatic crash report generation.
[[0;32m  OK  [0m] Stopped Virtualbox guest utils.
[[0;32m  OK  [0m] Stopped target Remote File Systems.
         Unmounting /configs...
[[0;32m  OK  [0m] Unmounted /configs.
[[0;32m  OK  [0m] Stopped target Remote File Systems (Pre).
[[0;32m  OK  [0m] Stopped target Network is Online.
[[0;32m  OK  [0m] Stopped Login Service.
[[0;32m  OK  [0m] Stopped target User and Group Name Lookups.
[[0;32m  OK  [0m] Stopped MySQL Community Server.
[[0;32m  OK  [0m] Stopped target Basic System.
[[0;32m  OK  [0m] Stopped target Paths.
[[0;32m  OK  [0m] Stopped ACPI Events Check.
[[0;32m  OK  [0m] Stopped target Sockets.
[[0;32m  OK  [0m] Closed cloud-init hotplug hook socket.
[[0;32m  OK  [0m] Closed Syslog Socket.
[[0;32m  OK  [0m] Closed Socket activation for snappy daemon.
[[0;32m  OK  [0m] Closed ACPID Listen Socket.
[[0;32m  OK  [0m] Closed D-Bus System Message Bus Socket.
[[0;32m  OK  [0m] Closed Open-iSCSI iscsid Socket.
[[0;32m  OK  [0m] Closed LXD - unix socket.
[[0;32m  OK  [0m] Closed UUID daemon activation socket.
[[0;32m  OK  [0m] Stopped target Slices.
[[0;32m  OK  [0m] Removed slice User and Session Slice.
[[0;32m  OK  [0m] Stopped target System Initialization.
[[0;32m  OK  [0m] Stopped target Local Encrypted Volumes.
[[0;32m  OK  [0m] Stopped Forward Password Requests to Wall Directory Watch.
[[0;32m  OK  [0m] Stopped Dispatch Password Requests to Console Directory Watch.
         Stopping Load/Save Random Seed...
[[0;32m  OK  [0m] Stopped Commit a transient machine-id on disk.
[[0;32m  OK  [0m] Stopped Initial cloud-init job (metadata service crawler).
         Stopping Update UTMP about System Boot/Shutdown...
[[0;32m  OK  [0m] Stopped target Network.
         Stopping Network Name Resolution...
[[0;32m  OK  [0m] Stopped Load/Save Random Seed.
[[0;32m  OK  [0m] Stopped Update UTMP about System Boot/Shutdown.
[[0;32m  OK  [0m] Stopped Network Name Resolution.
[[0;32m  OK  [0m] Stopped Create Volatile Files and Directories.
[[0;32m  OK  [0m] Stopped target Local File Systems.
         Unmounting /run/user/1000...
         Stopping Network Service...
[[0;32m  OK  [0m] Unmounted /run/user/1000.
[[0;32m  OK  [0m] Reached target Unmount All Filesystems.
[[0;32m  OK  [0m] Stopped target Swap.
[[0;32m  OK  [0m] Stopped target Local File Systems (Pre).
[[0;32m  OK  [0m] Stopped Create Static Device Nodes in /dev.
         Stopping Monitoring of LVM2 mirrors…ng dmeventd or progress polling...
[[0;32m  OK  [0m] Stopped Monitoring of LVM2 mirrors,…sing dmeventd or progress polling.
         Stopping LVM2 metadata daemon...
[[0;32m  OK  [0m] Stopped LVM2 metadata daemon.
[[0;32m  OK  [0m] Stopped Network Service.
[[0;32m  OK  [0m] Stopped Apply Kernel Variables.
[[0;32m  OK  [0m] Stopped Load Kernel Modules.
[[0;32m  OK  [0m] Stopped target Network (Pre).
[[0;32m  OK  [0m] Stopped Initial cloud-init job (pre-networking).
[[0;32m  OK  [0m] Stopped Remount Root and Kernel File Systems.
[[0;32m  OK  [0m] Reached target Shutdown.
[[0;32m  OK  [0m] Reached target Final Step.
         Starting Power-Off...
[  619.763537] reboot: Power down
32m  OK  [0m] Stopped LVM2 metadata daemon.
[[0;32m  OK  [0m] Stopped Network Service.
[[0;32m  OK  [0m] Stopped target Network (Pre).
[[0;32m  OK  [0m] Stopped Initial cloud-init job (pre-networking).
[[0;32m  OK  [0m] Stopped Remount Root and Kernel File Systems.
[[0;32m  OK  [0m] Stopped Apply Kernel Variables.
[[0;32m  OK  [0m] Stopped Load Kernel Modules.
[[0;32m  OK  [0m] Reached target Shutdown.
[[0;32m  OK  [0m] Reached target Final Step.
         Starting Power-Off...
[  514.180539] reboot: Power down
