[    0.000000] Linux version 4.15.0-194-generic (buildd@lcy02-amd64-052) (gcc version 7.5.0 (Ubuntu 7.5.0-3ubuntu1~18.04)) #205-Ubuntu SMP Fri Sep 16 19:49:27 UTC 2022 (Ubuntu 4.15.0-194.205-generic 4.15.18)
[    0.000000] Command line: BOOT_IMAGE=/boot/vmlinuz-4.15.0-194-generic root=LABEL=cloudimg-rootfs ro console=tty1 console=ttyS0
[    0.000000] KERNEL supported cpus:
[    0.000000]   Intel GenuineIntel
[    0.000000]   AMD AuthenticAMD
[    0.000000]   Centaur CentaurHauls
[    0.000000] x86/fpu: Supporting XSAVE feature 0x001: 'x87 floating point registers'
[    0.000000] x86/fpu: Supporting XSAVE feature 0x002: 'SSE registers'
[    0.000000] x86/fpu: Supporting XSAVE feature 0x004: 'AVX registers'
[    0.000000] x86/fpu: xstate_offset[2]:  576, xstate_sizes[2]:  256
[    0.000000] x86/fpu: Enabled xstate features 0x7, context size is 832 bytes, using 'standard' format.
[    0.000000] e820: BIOS-provided physical RAM map:
[    0.000000] BIOS-e820: [mem 0x0000000000000000-0x000000000009fbff] usable
[    0.000000] BIOS-e820: [mem 0x000000000009fc00-0x000000000009ffff] reserved
[    0.000000] BIOS-e820: [mem 0x00000000000f0000-0x00000000000fffff] reserved
[    0.000000] BIOS-e820: [mem 0x0000000000100000-0x000000003ffeffff] usable
[    0.000000] BIOS-e820: [mem 0x000000003fff0000-0x000000003fffffff] ACPI data
[    0.000000] BIOS-e820: [mem 0x00000000fec00000-0x00000000fec00fff] reserved
[    0.000000] BIOS-e820: [mem 0x00000000fee00000-0x00000000fee00fff] reserved
[    0.000000] BIOS-e820: [mem 0x00000000fffc0000-0x00000000ffffffff] reserved
[    0.000000] NX (Execute Disable) protection: active
[    0.000000] SMBIOS 2.5 present.
[    0.000000] DMI: innotek GmbH VirtualBox/VirtualBox, BIOS VirtualBox 12/01/2006
[    0.000000] Hypervisor detected: KVM
[    0.000000] e820: last_pfn = 0x3fff0 max_arch_pfn = 0x400000000
[    0.000000] MTRR: Disabled
[    0.000000] x86/PAT: MTRRs disabled, skipping PAT initialization too.
[    0.000000] CPU MTRRs all blank - virtualized system.
[    0.000000] x86/PAT: Configuration [0-7]: WB  WT  UC- UC  WB  WT  UC- UC  
[    0.000000] found SMP MP-table at [mem 0x0009fff0-0x0009ffff]
[    0.000000] Scanning 1 areas for low memory corruption
[    0.000000] RAMDISK: [mem 0x359cb000-0x36cdcfff]
[    0.000000] ACPI: Early table checksum verification disabled
[    0.000000] ACPI: RSDP 0x00000000000E0000 000024 (v02 VBOX  )
[    0.000000] ACPI: XSDT 0x000000003FFF0030 00003C (v01 VBOX   VBOXXSDT 00000001 ASL  00000061)
[    0.000000] ACPI: FACP 0x000000003FFF00F0 0000F4 (v04 VBOX   VBOXFACP 00000001 ASL  00000061)
[    0.000000] ACPI: DSDT 0x000000003FFF0470 002325 (v02 VBOX   VBOXBIOS 00000002 INTL 20190509)
[    0.000000] ACPI: FACS 0x000000003FFF0200 000040
[    0.000000] ACPI: FACS 0x000000003FFF0200 000040
[    0.000000] ACPI: APIC 0x000000003FFF0240 00005C (v02 VBOX   VBOXAPIC 00000001 ASL  00000061)
[    0.000000] ACPI: SSDT 0x000000003FFF02A0 0001CC (v01 VBOX   VBOXCPUT 00000002 INTL 20190509)
[    0.000000] ACPI: Reserving FACP table memory at [mem 0x3fff00f0-0x3fff01e3]
[    0.000000] ACPI: Reserving DSDT table memory at [mem 0x3fff0470-0x3fff2794]
[    0.000000] ACPI: Reserving FACS table memory at [mem 0x3fff0200-0x3fff023f]
[    0.000000] ACPI: Reserving FACS table memory at [mem 0x3fff0200-0x3fff023f]
[    0.000000] ACPI: Reserving APIC table memory at [mem 0x3fff0240-0x3fff029b]
[    0.000000] ACPI: Reserving SSDT table memory at [mem 0x3fff02a0-0x3fff046b]
[    0.000000] No NUMA configuration found
[    0.000000] Faking a node at [mem 0x0000000000000000-0x000000003ffeffff]
[    0.000000] NODE_DATA(0) allocated [mem 0x3ffc5000-0x3ffeffff]
[    0.000000] kvm-clock: cpu 0, msr 0:3ff44001, primary cpu clock
[    0.000000] kvm-clock: Using msrs 4b564d01 and 4b564d00
[    0.000000] kvm-clock: using sched offset of 3210861168 cycles
[    0.000000] clocksource: kvm-clock: mask: 0xffffffffffffffff max_cycles: 0x1cd42e4dffb, max_idle_ns: 881590591483 ns
[    0.000000] Zone ranges:
[    0.000000]   DMA      [mem 0x0000000000001000-0x0000000000ffffff]
[    0.000000]   DMA32    [mem 0x0000000001000000-0x000000003ffeffff]
[    0.000000]   Normal   empty
[    0.000000]   Device   empty
[    0.000000] Movable zone start for each node
[    0.000000] Early memory node ranges
[    0.000000]   node   0: [mem 0x0000000000001000-0x000000000009efff]
[    0.000000]   node   0: [mem 0x0000000000100000-0x000000003ffeffff]
[    0.000000] Reserved but unavailable: 104 pages
[    0.000000] Initmem setup node 0 [mem 0x0000000000001000-0x000000003ffeffff]
[    0.000000] ACPI: PM-Timer IO Port: 0x4008
[    0.000000] IOAPIC[0]: apic_id 2, version 32, address 0xfec00000, GSI 0-23
[    0.000000] ACPI: INT_SRC_OVR (bus 0 bus_irq 0 global_irq 2 dfl dfl)
[    0.000000] ACPI: INT_SRC_OVR (bus 0 bus_irq 9 global_irq 9 low level)
[    0.000000] Using ACPI (MADT) for SMP configuration information
[    0.000000] smpboot: Allowing 2 CPUs, 0 hotplug CPUs
[    0.000000] PM: Registered nosave memory: [mem 0x00000000-0x00000fff]
[    0.000000] PM: Registered nosave memory: [mem 0x0009f000-0x0009ffff]
[    0.000000] PM: Registered nosave memory: [mem 0x000a0000-0x000effff]
[    0.000000] PM: Registered nosave memory: [mem 0x000f0000-0x000fffff]
[    0.000000] e820: [mem 0x40000000-0xfebfffff] available for PCI devices
[    0.000000] Booting paravirtualized kernel on KVM
[    0.000000] clocksource: refined-jiffies: mask: 0xffffffff max_cycles: 0xffffffff, max_idle_ns: 7645519600211568 ns
[    0.000000] setup_percpu: NR_CPUS:8192 nr_cpumask_bits:2 nr_cpu_ids:2 nr_node_ids:1
[    0.000000] percpu: Embedded 50 pages/cpu s167936 r8192 d28672 u1048576
[    0.000000] PV qspinlock hash table entries: 256 (order: 0, 4096 bytes)
[    0.000000] Built 1 zonelists, mobility grouping on.  Total pages: 257913
[    0.000000] Policy zone: DMA32
[    0.000000] Kernel command line: BOOT_IMAGE=/boot/vmlinuz-4.15.0-194-generic root=LABEL=cloudimg-rootfs ro console=tty1 console=ttyS0
[    0.000000] Memory: 982652K/1048120K available (12300K kernel code, 2477K rwdata, 4320K rodata, 2472K init, 2720K bss, 65468K reserved, 0K cma-reserved)
[    0.000000] SLUB: HWalign=64, Order=0-3, MinObjects=0, CPUs=2, Nodes=1
[    0.000000] Kernel/User page tables isolation: enabled
[    0.000000] ftrace: allocating 39477 entries in 155 pages
[    0.004000] Hierarchical RCU implementation.
[    0.004000] 	RCU restricting CPUs from NR_CPUS=8192 to nr_cpu_ids=2.
[    0.004000] 	Tasks RCU enabled.
[    0.004000] RCU: Adjusting geometry for rcu_fanout_leaf=16, nr_cpu_ids=2
[    0.004000] NR_IRQS: 524544, nr_irqs: 440, preallocated irqs: 16
[    0.004000] random: crng init done
[    0.004000] Console: colour VGA+ 80x25
[    0.004000] console [tty1] enabled
[    0.004000] console [ttyS0] enabled
[    0.004000] ACPI: Core revision 20170831
[    0.004000] ACPI: 2 ACPI AML tables successfully acquired and loaded
[    0.004000] APIC: Switch to symmetric I/O mode setup
[    0.004000] x2apic enabled
[    0.004000] Switched APIC routing to physical x2apic.
[    0.004000] ..TIMER: vector=0x30 apic1=0 pin1=2 apic2=-1 pin2=-1
[    0.004000] tsc: Detected 2803.198 MHz processor
[    0.004009] Calibrating delay loop (skipped) preset value.. 5606.39 BogoMIPS (lpj=11212792)
[    0.004956] pid_max: default: 32768 minimum: 301
[    0.005498] Security Framework initialized
[    0.005960] Yama: becoming mindful.
[    0.006477] AppArmor: AppArmor initialized
[    0.008016] Dentry cache hash table entries: 131072 (order: 8, 1048576 bytes)
[    0.009042] Inode-cache hash table entries: 65536 (order: 7, 524288 bytes)
[    0.009964] Mount-cache hash table entries: 2048 (order: 2, 16384 bytes)
[    0.010819] Mountpoint-cache hash table entries: 2048 (order: 2, 16384 bytes)
[    0.012253] Last level iTLB entries: 4KB 0, 2MB 0, 4MB 0
[    0.013367] Last level dTLB entries: 4KB 0, 2MB 0, 4MB 0, 1GB 0
[    0.014227] Spectre V1 : Mitigation: usercopy/swapgs barriers and __user pointer sanitization
[    0.016002] Spectre V2 : Mitigation: Retpolines
[    0.016610] Spectre V2 : Spectre v2 / SpectreRSB mitigation: Filling RSB on context switch
[    0.017681] Speculative Store Bypass: Vulnerable
[    0.018283] MDS: Mitigation: Clear CPU buffers
[    0.019022] Freeing SMP alternatives memory: 36K
[    0.129859] smpboot: CPU0: 11th Gen Intel(R) Core(TM) i7-1165G7 @ 2.80GHz (family: 0x6, model: 0x8c, stepping: 0x1)
[    0.131965] Performance Events: unsupported p6 CPU model 140 no PMU driver, software events only.
[    0.132000] Hierarchical SRCU implementation.
[    0.132391] NMI watchdog: Perf event create on CPU 0 failed with -2
[    0.133179] NMI watchdog: Perf NMI watchdog permanently disabled
[    0.133976] smp: Bringing up secondary CPUs ...
[    0.134639] x86: Booting SMP configuration:
[    0.135216] .... node  #0, CPUs:      #1
[    0.004000] kvm-clock: cpu 1, msr 0:3ff44041, secondary cpu clock
[    0.138936] smp: Brought up 1 node, 2 CPUs
[    0.138936] smpboot: Max logical packages: 1
[    0.140004] smpboot: Total of 2 processors activated (11212.79 BogoMIPS)
[    0.140941] devtmpfs: initialized
[    0.140941] x86/mm: Memory block size: 128MB
[    0.141162] evm: security.selinux
[    0.141629] evm: security.SMACK64
[    0.142094] evm: security.SMACK64EXEC
[    0.142565] evm: security.SMACK64TRANSMUTE
[    0.144002] evm: security.SMACK64MMAP
[    0.144471] evm: security.apparmor
[    0.144902] evm: security.ima
[    0.145299] evm: security.capability
[    0.145778] clocksource: jiffies: mask: 0xffffffff max_cycles: 0xffffffff, max_idle_ns: 7645041785100000 ns
[    0.145778] futex hash table entries: 512 (order: 3, 32768 bytes)
[    0.146772] pinctrl core: initialized pinctrl subsystem
[    0.148004] RTC time:  1:43:54, date: 10/11/22
[    0.152185] NET: Registered protocol family 16
[    0.152796] audit: initializing netlink subsys (disabled)
[    0.153513] audit: type=2000 audit(1665452638.654:1): state=initialized audit_enabled=0 res=1
[    0.153513] cpuidle: using governor ladder
[    0.156008] cpuidle: using governor menu
[    0.156589] ACPI: bus type PCI registered
[    0.157150] acpiphp: ACPI Hot Plug PCI Controller Driver version: 0.5
[    0.158075] PCI: Using configuration type 1 for base access
[    0.158798] HugeTLB registered 2.00 MiB page size, pre-allocated 0 pages
[    0.160051] ACPI: Added _OSI(Module Device)
[    0.160594] ACPI: Added _OSI(Processor Device)
[    0.161159] ACPI: Added _OSI(3.0 _SCP Extensions)
[    0.161790] ACPI: Added _OSI(Processor Aggregator Device)
[    0.162491] ACPI: Added _OSI(Linux-Dell-Video)
[    0.163067] ACPI: Added _OSI(Linux-Lenovo-NV-HDMI-Audio)
[    0.164002] ACPI: Added _OSI(Linux-HPI-Hybrid-Graphics)
[    0.164889] ACPI: Executed 1 blocks of module-level executable AML code
[    0.168749] ACPI: Interpreter enabled
[    0.169210] ACPI: (supports S0 S5)
[    0.169654] ACPI: Using IOAPIC for interrupt routing
[    0.170430] PCI: Using host bridge windows from ACPI; if necessary, use "pci=nocrs" and report a bug
[    0.171548] ACPI: Enabled 2 GPEs in block 00 to 07
[    0.176049] ACPI: PCI Root Bridge [PCI0] (domain 0000 [bus 00-ff])
[    0.176782] acpi PNP0A03:00: _OSC: OS supports [ASPM ClockPM Segments MSI]
[    0.177963] acpi PNP0A03:00: _OSC: not requesting OS control; OS requires [ExtendedConfig ASPM ClockPM MSI]
[    0.179057] acpi PNP0A03:00: fail to add MMCONFIG information, can't access extended PCI configuration space under this bridge.
[    0.180249] PCI host bridge to bus 0000:00
[    0.180839] pci_bus 0000:00: root bus resource [io  0x0000-0x0cf7 window]
[    0.181690] pci_bus 0000:00: root bus resource [io  0x0d00-0xffff window]
[    0.182615] pci_bus 0000:00: root bus resource [mem 0x000a0000-0x000bffff window]
[    0.184008] pci_bus 0000:00: root bus resource [mem 0x40000000-0xfdffffff window]
[    0.185286] pci_bus 0000:00: root bus resource [bus 00-ff]
[    0.186970] pci 0000:00:01.1: legacy IDE quirk: reg 0x10: [io  0x01f0-0x01f7]
[    0.187715] pci 0000:00:01.1: legacy IDE quirk: reg 0x14: [io  0x03f6]
[    0.188001] pci 0000:00:01.1: legacy IDE quirk: reg 0x18: [io  0x0170-0x0177]
[    0.188791] pci 0000:00:01.1: legacy IDE quirk: reg 0x1c: [io  0x0376]
[    0.197221] pci 0000:00:07.0: quirk: [io  0x4000-0x403f] claimed by PIIX4 ACPI
[    0.198025] pci 0000:00:07.0: quirk: [io  0x4100-0x410f] claimed by PIIX4 SMB
[    0.203333] ACPI: PCI Interrupt Link [LNKA] (IRQs 5 9 10 *11)
[    0.204177] ACPI: PCI Interrupt Link [LNKB] (IRQs 5 9 *10 11)
[    0.204851] ACPI: PCI Interrupt Link [LNKC] (IRQs 5 *9 10 11)
[    0.205554] ACPI: PCI Interrupt Link [LNKD] (IRQs 5 9 10 *11)
[    0.206631] SCSI subsystem initialized
[    0.207130] pci 0000:00:02.0: vgaarb: setting as boot VGA device
[    0.207130] pci 0000:00:02.0: vgaarb: VGA device added: decodes=io+mem,owns=io+mem,locks=none
[    0.208007] pci 0000:00:02.0: vgaarb: bridge control possible
[    0.208678] vgaarb: loaded
[    0.209044] ACPI: bus type USB registered
[    0.209541] usbcore: registered new interface driver usbfs
[    0.210172] usbcore: registered new interface driver hub
[    0.210818] usbcore: registered new device driver usb
[    0.212047] EDAC MC: Ver: 3.0.0
[    0.212543] PCI: Using ACPI for IRQ routing
[    0.212701] NetLabel: Initializing
[    0.213130] NetLabel:  domain hash size = 128
[    0.213655] NetLabel:  protocols = UNLABELED CIPSOv4 CALIPSO
[    0.214309] NetLabel:  unlabeled traffic allowed by default
[    0.216051] clocksource: Switched to clocksource kvm-clock
[    0.224344] VFS: Disk quotas dquot_6.6.0
[    0.224864] VFS: Dquot-cache hash table entries: 512 (order 0, 4096 bytes)
[    0.225724] AppArmor: AppArmor Filesystem Enabled
[    0.226298] pnp: PnP ACPI init
[    0.227330] pnp: PnP ACPI: found 3 devices
[    0.234318] clocksource: acpi_pm: mask: 0xffffff max_cycles: 0xffffff, max_idle_ns: 2085701024 ns
[    0.235631] NET: Registered protocol family 2
[    0.236270] IP idents hash table entries: 16384 (order: 5, 131072 bytes)
[    0.237635] TCP established hash table entries: 8192 (order: 4, 65536 bytes)
[    0.238477] TCP bind hash table entries: 8192 (order: 5, 131072 bytes)
[    0.239302] TCP: Hash tables configured (established 8192 bind 8192)
[    0.240115] UDP hash table entries: 512 (order: 2, 16384 bytes)
[    0.240798] UDP-Lite hash table entries: 512 (order: 2, 16384 bytes)
[    0.241545] NET: Registered protocol family 1
[    0.242078] pci 0000:00:00.0: Limiting direct PCI/PCI transfers
[    0.242795] pci 0000:00:01.0: Activating ISA DMA hang workarounds
[    0.243560] pci 0000:00:02.0: Video device with shadowed ROM at [mem 0x000c0000-0x000dffff]
[    0.244590] Unpacking initramfs...
[    0.426865] Freeing initrd memory: 19528K
[    0.427733] clocksource: tsc: mask: 0xffffffffffffffff max_cycles: 0x28680e0a5c3, max_idle_ns: 440795346756 ns
[    0.428850] platform rtc_cmos: registered platform RTC device (no PNP device found)
[    0.429728] Scanning for low memory corruption every 60 seconds
[    0.430794] Initialise system trusted keyrings
[    0.431313] Key type blacklist registered
[    0.431815] workingset: timestamp_bits=36 max_order=18 bucket_order=0
[    0.433123] zbud: loaded
[    0.433759] squashfs: version 4.0 (2009/01/31) Phillip Lougher
[    0.434472] fuse init (API version 7.26)
[    0.435909] Key type asymmetric registered
[    0.436403] Asymmetric key parser 'x509' registered
[    0.436955] Block layer SCSI generic (bsg) driver version 0.4 loaded (major 246)
[    0.437806] io scheduler noop registered
[    0.438246] io scheduler deadline registered
[    0.438823] io scheduler cfq registered (default)
[    0.439701] ACPI: AC Adapter [AC] (off-line)
[    0.440249] input: Power Button as /devices/LNXSYSTM:00/LNXPWRBN:00/input/input0
[    0.441166] ACPI: Power Button [PWRF]
[    0.441673] input: Sleep Button as /devices/LNXSYSTM:00/LNXSLPBN:00/input/input1
[    0.442550] ACPI: Sleep Button [SLPF]
[    0.443740] ACPI: Battery Slot [BAT0] (battery present)
[    0.444139] Serial: 8250/16550 driver, 32 ports, IRQ sharing enabled
[    0.465578] 00:02: ttyS0 at I/O 0x3f8 (irq = 4, base_baud = 115200) is a 16550A
[    0.468218] Linux agpgart interface v0.103
[    0.470221] loop: module loaded
[    0.471092] scsi host0: ata_piix
[    0.471703] scsi host1: ata_piix
[    0.472133] ata1: PATA max UDMA/33 cmd 0x1f0 ctl 0x3f6 bmdma 0xd000 irq 14
[    0.473123] ata2: PATA max UDMA/33 cmd 0x170 ctl 0x376 bmdma 0xd008 irq 15
[    0.474025] tun: Universal TUN/TAP device driver, 1.6
[    0.474694] PPP generic driver version 2.4.2
[    0.475291] ehci_hcd: USB 2.0 'Enhanced' Host Controller (EHCI) Driver
[    0.476191] ehci-pci: EHCI PCI platform driver
[    0.476833] ehci-platform: EHCI generic platform driver
[    0.477553] ohci_hcd: USB 1.1 'Open' Host Controller (OHCI) Driver
[    0.478293] ohci-pci: OHCI PCI platform driver
[    0.478867] ohci-platform: OHCI generic platform driver
[    0.479556] uhci_hcd: USB Universal Host Controller Interface driver
[    0.480398] i8042: PNP: PS/2 Controller [PNP0303:PS2K,PNP0f03:PS2M] at 0x60,0x64 irq 1,12
[    0.481715] serio: i8042 KBD port at 0x60,0x64 irq 1
[    0.482337] serio: i8042 AUX port at 0x60,0x64 irq 12
[    0.482995] mousedev: PS/2 mouse device common for all mice
[    0.483847] input: AT Translated Set 2 keyboard as /devices/platform/i8042/serio0/input/input2
[    0.485431] rtc_cmos rtc_cmos: rtc core: registered rtc_cmos as rtc0
[    0.486359] rtc_cmos rtc_cmos: alarms up to one day, 114 bytes nvram
[    0.487274] i2c /dev entries driver
[    0.487841] device-mapper: uevent: version 1.0.3
[    0.488504] device-mapper: ioctl: 4.37.0-ioctl (2017-09-20) initialised: dm-devel@redhat.com
[    0.489623] ledtrig-cpu: registered to indicate activity on CPUs
[    0.490707] NET: Registered protocol family 10
[    0.493855] Segment Routing with IPv6
[    0.494357] NET: Registered protocol family 17
[    0.494906] Key type dns_resolver registered
[    0.495535] mce: Using 0 MCE banks
[    0.496023] RAS: Correctable Errors collector initialized.
[    0.496822] sched_clock: Marking stable (496807360, 0)->(627976619, -131169259)
[    0.498012] registered taskstats version 1
[    0.498532] Loading compiled-in X.509 certificates
[    0.500745] Loaded X.509 cert 'Build time autogenerated kernel key: 6303a3b02fa1c7713b8a75ba7ba622fabd5dd271'
[    0.504108] Loaded X.509 cert 'Canonical Ltd. Live Patch Signing: 14df34d1a87cf37625abec039ef2bf521249b969'
[    0.506008] Loaded X.509 cert 'Canonical Ltd. Kernel Module Signing: 88f752e560a1e0737e31163a466ad7b70a850c19'
[    0.507414] blacklist: Loading compiled-in revocation X.509 certificates
[    0.508558] Loaded X.509 cert 'Canonical Ltd. Secure Boot Signing: 61482aa2830d0ab2ad5af10b7250da9033ddcef0'
[    0.510047] zswap: loaded using pool lzo/zbud
[    0.512756] Key type big_key registered
[    0.513529] Key type trusted registered
[    0.515183] Key type encrypted registered
[    0.515861] AppArmor: AppArmor sha1 policy hashing enabled
[    0.516747] ima: No TPM chip found, activating TPM-bypass! (rc=-19)
[    0.517697] ima: Allocated hash algorithm: sha1
[    0.518374] evm: HMAC attrs: 0x1
[    0.519068]   Magic number: 10:637:710
[    0.519740] rtc_cmos rtc_cmos: setting system clock to 2022-10-11 01:43:54 UTC (1665452634)
[    0.521100] BIOS EDD facility v0.16 2004-Jun-25, 0 devices found
[    0.521945] EDD information not available.
[    0.674654] Freeing unused kernel image memory: 2472K
[    0.688060] Write protecting the kernel read-only data: 20480k
[    0.690727] Freeing unused kernel image memory: 2008K
[    0.691633] Freeing unused kernel image memory: 1824K
[    0.696894] x86/mm: Checked W+X mappings: passed, no W+X pages found.
[    0.697809] x86/mm: Checking user space page tables
[    0.702330] x86/mm: Checked W+X mappings: passed, no W+X pages found.
Loading, please wait...
starting version 237
[    0.745369] e1000: Intel(R) PRO/1000 Network Driver - version 7.3.21-k8-NAPI
[    0.746358] e1000: Copyright (c) 1999-2006 Intel Corporation.
[    0.752657] Fusion MPT base driver 3.04.20
[    0.753199] Copyright (c) 1999-2008 LSI Corporation
[    0.769192] AVX2 version of gcm_enc/dec engaged.
[    0.769817] AES CTR mode by8 optimization enabled
[    0.771633] Fusion MPT SPI Host driver 3.04.20
[    0.961165] input: ImExPS/2 Generic Explorer Mouse as /devices/platform/i8042/serio1/input/input4
[    1.122778] e1000 0000:00:03.0 eth0: (PCI:33MHz:32-bit) 02:8e:c5:29:b5:69
[    1.125123] e1000 0000:00:03.0 eth0: Intel(R) PRO/1000 Network Connection
[    1.487870] e1000 0000:00:08.0 eth1: (PCI:33MHz:32-bit) 08:00:27:91:22:31
[    1.488920] e1000 0000:00:08.0 eth1: Intel(R) PRO/1000 Network Connection
[    1.490621] mptbase: ioc0: Initiating bringup
[    1.490785] e1000 0000:00:08.0 enp0s8: renamed from eth1
[    1.565017] e1000 0000:00:03.0 enp0s3: renamed from eth0
[    1.608564] ioc0: LSI53C1030 A0: Capabilities={Initiator}
[    3.951474] scsi host2: ioc0: LSI53C1030 A0, FwRev=00000000h, Ports=1, MaxQ=256, IRQ=20
[    5.614719] scsi 2:0:0:0: Direct-Access     VBOX     HARDDISK         1.0  PQ: 0 ANSI: 5
[    5.648133] scsi target2:0:0: Beginning Domain Validation
[    5.651804] scsi target2:0:0: Domain Validation skipping write tests
[    5.654028] scsi target2:0:0: Ending Domain Validation
[    5.655848] scsi target2:0:0: asynchronous
[    5.657822] scsi 2:0:1:0: Direct-Access     VBOX     HARDDISK         1.0  PQ: 0 ANSI: 5
[    8.136132] scsi target2:0:1: Beginning Domain Validation
[    8.140020] scsi target2:0:1: Domain Validation skipping write tests
[    8.141585] scsi target2:0:1: Ending Domain Validation
[    8.142508] scsi target2:0:1: asynchronous
[    8.145421] sd 2:0:0:0: Attached scsi generic sg0 type 0
[    8.146229] sd 2:0:1:0: [sdb] 20480 512-byte logical blocks: (10.5 MB/10.0 MiB)
[    8.148133] sd 2:0:0:0: [sda] 83886080 512-byte logical blocks: (42.9 GB/40.0 GiB)
[    8.148186] sd 2:0:1:0: [sdb] Write Protect is off
[    8.149457] sd 2:0:1:0: Attached scsi generic sg1 type 0
[    8.150854] sd 2:0:0:0: [sda] Write Protect is off
[    8.150947] sd 2:0:1:0: [sdb] Incomplete mode parameter data
[    8.152315] sd 2:0:1:0: [sdb] Assuming drive cache: write through
[    8.153627] sd 2:0:0:0: [sda] Incomplete mode parameter data
[    8.154631] sd 2:0:0:0: [sda] Assuming drive cache: write through
[    8.154734] sd 2:0:1:0: [sdb] Attached SCSI disk
[    8.159929]  sda: sda1
[    8.161383] sd 2:0:0:0: [sda] Attached SCSI disk
Begin: Loading essential drivers ... [    9.979730] raid6: sse2x1   gen() 18857 MB/s
[   10.031655] raid6: sse2x1   xor() 10309 MB/s
[   10.091674] raid6: sse2x2   gen() 23753 MB/s
[   10.140023] raid6: sse2x2   xor() 13307 MB/s
[   10.191779] raid6: sse2x4   gen() 22847 MB/s
[   10.243802] raid6: sse2x4   xor() 12317 MB/s
[   10.304184] raid6: avx2x1   gen() 35402 MB/s
[   10.356013] raid6: avx2x1   xor() 19743 MB/s
[   10.415966] raid6: avx2x2   gen() 44490 MB/s
[   10.479695] raid6: avx2x2   xor() 31885 MB/s
[   10.537664] raid6: avx2x4   gen() 41902 MB/s
[   10.591775] raid6: avx2x4   xor() 23701 MB/s
[   10.592563] raid6: using algorithm avx2x2 gen() 44490 MB/s
[   10.593982] raid6: .... xor() 31885 MB/s, rmw enabled
[   10.594819] raid6: using avx2x2 recovery algorithm
[   10.597236] xor: automatically using best checksumming function   avx       
[   10.598730] async_tx: api initialized (async)
done.
Begin: Running /scripts/init-premount ... done.
Begin: Mounting root file system ... Begin: Running /scripts/local-top ... done.
Begin: Running /scripts/local-premount ... [   10.635239] Btrfs loaded, crc32c=crc32c-intel
Scanning for Btrfs filesystems
done.
Warning: fsck not present, so skipping root file system
[   10.658474] EXT4-fs (sda1): mounted filesystem with ordered data mode. Opts: (null)
done.
Begin: Running /scripts/local-bottom ... done.
Begin: Running /scripts/init-bottom ... done.
[   10.791010] ip_tables: (C) 2000-2006 Netfilter Core Team
[   10.796762] systemd[1]: systemd 237 running in system mode. (+PAM +AUDIT +SELINUX +IMA +APPARMOR +SMACK +SYSVINIT +UTMP +LIBCRYPTSETUP +GCRYPT +GNUTLS +ACL +XZ +LZ4 +SECCOMP +BLKID +ELFUTILS +KMOD -IDN2 +IDN -PCRE2 default-hierarchy=hybrid)
[   10.799387] systemd[1]: Detected virtualization oracle.
[   10.800052] systemd[1]: Detected architecture x86-64.

Welcome to [1mUbuntu 18.04.6 LTS[0m!

[   10.804292] systemd[1]: Set hostname to <ubuntu-bionic>.
[   10.986470] systemd[1]: Started Forward Password Requests to Wall Directory Watch.
[[0;32m  OK  [0m] Started Forward Password Requests to Wall Directory Watch.
[   10.988865] systemd[1]: Set up automount Arbitrary Executable File Formats File System Automount Point.
[[0;32m  OK  [0m] Set up automount Arbitrary Executab…rmats File System Automount Point.
[   10.991269] systemd[1]: Reached target System Time Synchronized.
[[0;32m  OK  [0m] Reached target System Time Synchronized.
[   10.993643] systemd[1]: Created slice User and Session Slice.
[[0;32m  OK  [0m] Created slice User and Session Slice.
[   10.994953] systemd[1]: Created slice System Slice.
[[0;32m  OK  [0m] Created slice System Slice.
[   10.996108] systemd[1]: Listening on Device-mapper event daemon FIFOs.
[[0;32m  OK  [0m] Listening on Device-mapper event daemon FIFOs.
[[0;32m  OK  [0m] Listening on /dev/initctl Compatibility Named Pipe.
[[0;32m  OK  [0m] Listening on udev Control Socket.
[[0;32m  OK  [0m] Created slice system-serial\x2dgetty.slice.
[[0;32m  OK  [0m] Listening on Journal Socket.
         Starting Set the console keyboard layout...
[[0;32m  OK  [0m] Listening on udev Kernel Socket.
         Starting udev Coldplug all Devices...
         Mounting POSIX Message Queue File System...
[[0;32m  OK  [0m] Reached target Swap.
[[0;32m  OK  [0m] Listening on Journal Audit Socket.
         Mounting Huge Pages File System...
[[0;32m  OK  [0m] Reached target User and Group Name Lookups.
[[0;32m  OK  [0m] Listening on LVM2 poll daemon socket.
[[0;32m  OK  [0m] Listening on Syslog Socket.
         Mounting Kernel Debug File System...
         Starting Create list of required st…ce nodes for the current kernel...
         Starting Uncomplicated firewall...
[[0;32m  OK  [0m] Reached target Slices.
[[0;32m  OK  [0m] Listening on LVM2 metadata daemon socket.
         Starting Monitoring of LVM2 mirrors…ng dmeventd or progress polling...
         Starting Load Kernel Modules...
[[0;32m  OK  [0m] Listening on Network Service Netlink Socket.
[[0;32m  OK  [0m] Listening on Journal Socket (/dev/log).
         Starting Journal Service...
[[0;32m  OK  [0m] Listening on fsck to fsckd communication Socket.
         Starting File System Check on Root Device...
[[0;32m  OK  [0m] Mounted POSIX Message Queue File System.
[[0;32m  OK  [0m] Mounted Huge Pages File System.
[[0;32m  OK  [0m] Mounted Kernel Debug File System.
[[0;32m  OK  [0m] Started Create list of required sta…vice nodes for the current kernel.
[[0;32m  OK  [0m] Started Uncomplicated firewall.
         Starting Create Static Device Nodes in /dev...
[   11.069157] Loading iSCSI transport class v2.0-870.
[[0;32m  OK  [0m] Started udev Coldplug all Devices.
[   11.077119] iscsi: registered transport (tcp)
[[0;32m  OK  [0m] Started Journal Service.
[[0;32m  OK  [0m] Started File System Check Daemon to report status.
[[0;32m  OK  [0m] Started Create Static Device Nodes in /dev.
[[0;32m  OK  [0m] Started File System Check on Root Device.
         Starting Remount Root and Kernel File Systems...
[[0;32m  OK  [0m] Started LVM2 metadata daemon.
[   11.133357] iscsi: registered transport (iser)
[[0;32m  OK  [0m] Started Load Kernel Modules.
         Mounting Kernel Configuration File System...
         Mounting FUSE Control File System...
         Starting Apply Kernel Variables...
[[0;32m  OK  [0m] Mounted Kernel Configuration File System.
[[0;32m  OK  [0m] Mounted FUSE Control File System.
[[0;32m  OK  [0m] Started Remount Root and Kernel File Systems.
         Starting Load/Save Random Seed...
         Starting udev Kernel Device Manager...
         Starting Flush Journal to Persistent Storage...
[[0;32m  OK  [0m] Started Monitoring of LVM2 mirrors,…sing dmeventd or progress polling.
[[0;32m  OK  [0m] Started Apply Kernel Variables.
[[0;32m  OK  [0m] Started Load/Save Random Seed.
[[0;32m  OK  [0m] Started udev Kernel Device Manager.
[[0;32m  OK  [0m] Started Set the console keyboard layout.
[[0;32m  OK  [0m] Reached target Local File Systems (Pre).
[[0;32m  OK  [0m] Reached target Local File Systems.
         Starting AppArmor initialization...
         Starting Set console font and keymap...
         Starting Tell Plymouth To Write Out Runtime Data...
         Starting ebtables ruleset management...
[[0;32m  OK  [0m] Started Dispatch Password Requests to Console Directory Watch.
[[0;32m  OK  [0m] Reached target Local Encrypted Volumes.
[[0;32m  OK  [0m] Started Set console font and keymap.
[[0;32m  OK  [0m] Started Tell Plymouth To Write Out Runtime Data.
[[0;32m  OK  [0m] Started Flush Journal to Persistent Storage.
         Starting Create Volatile Files and Directories...
[[0;32m  OK  [0m] Started Create Volatile Files and Directories.
         Starting Update UTMP about System Boot/Shutdown...
[[0;32m  OK  [0m] Started Update UTMP about System Boot/Shutdown.
[[0;32m  OK  [0m] Started ebtables ruleset management.
[[0;32m  OK  [0m] Found device /dev/ttyS0.
[[0;32m  OK  [0m] Listening on Load/Save RF Kill Switch Status /dev/rfkill Watch.
[[0;32m  OK  [0m] Started AppArmor initialization.
         Starting Load AppArmor profiles managed internally by snapd...
         Starting Initial cloud-init job (pre-networking)...
[[0;32m  OK  [0m] Started Load AppArmor profiles managed internally by snapd.
[   12.334012] cloud-init[564]: Cloud-init v. 22.2-0ubuntu1~18.04.3 running 'init-local' at Tue, 11 Oct 2022 01:44:06 +0000. Up 12.20 seconds.
[[0;32m  OK  [0m] Started Initial cloud-init job (pre-networking).
[[0;32m  OK  [0m] Reached target Network (Pre).
         Starting Network Service...
[[0;32m  OK  [0m] Started Network Service.
         Starting Network Name Resolution...
         Starting Wait for Network to be Configured...
[[0;32m  OK  [0m] Started Network Name Resolution.
[[0;32m  OK  [0m] Reached target Network.
[[0;32m  OK  [0m] Reached target Host and Network Name Lookups.
[[0;32m  OK  [0m] Started Wait for Network to be Configured.
         Starting Initial cloud-init job (metadata service crawler)...
[   14.110615] cloud-init[686]: Cloud-init v. 22.2-0ubuntu1~18.04.3 running 'init' at Tue, 11 Oct 2022 01:44:07 +0000. Up 14.01 seconds.
[   14.111934] cloud-init[686]: ci-info: ++++++++++++++++++++++++++++++++++++++Net device info+++++++++++++++++++++++++++++++++++++++
[   14.114038] cloud-init[686]: ci-info: +--------+------+-----------------------------+---------------+--------+-------------------+
[   14.115053] cloud-init[686]: ci-info: | Device |  Up  |           Address           |      Mask     | Scope  |     Hw-Address    |
[   14.116268] cloud-init[686]: ci-info: +--------+------+-----------------------------+---------------+--------+-------------------+
[   14.117397] cloud-init[686]: ci-info: | enp0s3 | True |          10.0.2.15          | 255.255.255.0 | global | 02:8e:c5:29:b5:69 |
[   14.118514] cloud-init[686]: ci-info: | enp0s3 | True |  fe80::8e:c5ff:fe29:b569/64 |       .       |  link  | 02:8e:c5:29:b5:69 |
[   14.119656] cloud-init[686]: ci-info: | enp0s8 | True |         192.168.56.4        | 255.255.255.0 | global | 08:00:27:91:22:31 |
[   14.120859] cloud-init[686]: ci-info: | enp0s8 | True | fe80::a00:27ff:fe91:2231/64 |       .       |  link  | 08:00:27:91:22:31 |
[   14.122510] cloud-init[686]: ci-info: |   lo   | True |          127.0.0.1          |   255.0.0.0   |  host  |         .         |
[   14.123958] cloud-init[686]: ci-info: |   lo   | True |           ::1/128           |       .       |  host  |         .         |
[   14.125324] cloud-init[686]: ci-info: +--------+------+-----------------------------+---------------+--------+-------------------+
[   14.126539] cloud-init[686]: ci-info: +++++++++++++++++++++++++++++Route IPv4 info+++++++++++++++++++++++++++++
[   14.127442] cloud-init[686]: ci-info: +-------+--------------+----------+-----------------+-----------+-------+
[   14.128384] cloud-init[686]: ci-info: | Route | Destination  | Gateway  |     Genmask     | Interface | Flags |
[   14.129354] cloud-init[686]: ci-info: +-------+--------------+----------+-----------------+-----------+-------+
[   14.130330] cloud-init[686]: ci-info: |   0   |   0.0.0.0    | 10.0.2.2 |     0.0.0.0     |   enp0s3  |   UG  |
[   14.131510] cloud-init[686]: ci-info: |   1   |   10.0.2.0   | 0.0.0.0  |  255.255.255.0  |   enp0s3  |   U   |
[   14.132603] cloud-init[686]: ci-info: |   2   |   10.0.2.2   | 0.0.0.0  | 255.255.255.255 |   enp0s3  |   UH  |
[   14.133640] cloud-init[686]: ci-info: |   3   | 192.168.56.0 | 0.0.0.0  |  255.255.255.0  |   enp0s8  |   U   |
[   14.134590] cloud-init[686]: ci-info: +-------+--------------+----------+-----------------+-----------+-------+
[   14.135491] cloud-init[686]: ci-info: +++++++++++++++++++Route IPv6 info+++++++++++++++++++
[   14.136376] cloud-init[686]: ci-info: +-------+-------------+---------+-----------+-------+
[   14.137176] cloud-init[686]: ci-info: | Route | Destination | Gateway | Interface | Flags |
[   14.137978] cloud-init[686]: ci-info: +-------+-------------+---------+-----------+-------+
[   14.138780] cloud-init[686]: ci-info: |   1   |  fe80::/64  |    ::   |   enp0s8  |   U   |
[   14.139499] cloud-init[686]: ci-info: |   2   |  fe80::/64  |    ::   |   enp0s3  |   U   |
[   14.140665] cloud-init[686]: ci-info: |   4   |    local    |    ::   |   enp0s3  |   U   |
[   14.141382] cloud-init[686]: ci-info: |   5   |    local    |    ::   |   enp0s8  |   U   |
[   14.142402] cloud-init[686]: ci-info: |   6   |   ff00::/8  |    ::   |   enp0s8  |   U   |
[   14.143202] cloud-init[686]: ci-info: |   7   |   ff00::/8  |    ::   |   enp0s3  |   U   |
[   14.143974] cloud-init[686]: ci-info: +-------+-------------+---------+-----------+-------+
[[0;32m  OK  [0m] Started Initial cloud-init job (metadata service crawler).
[[0;32m  OK  [0m] Reached target System Initialization.
[[0;32m  OK  [0m] Listening on Open-iSCSI iscsid Socket.
[[0;32m  OK  [0m] Listening on ACPID Listen Socket.
[[0;32m  OK  [0m] Listening on UUID daemon activation socket.
[[0;32m  OK  [0m] Started ACPI Events Check.
[[0;32m  OK  [0m] Listening on cloud-init hotplug hook socket.
[[0;32m  OK  [0m] Started Message of the Day.
[[0;32m  OK  [0m] Started Ubuntu Advantage Timer for running repeated jobs.
[[0;32m  OK  [0m] Started Daily apt download activities.
[[0;32m  OK  [0m] Started Daily apt upgrade and clean activities.
[[0;32m  OK  [0m] Started Discard unused blocks once a week.
         Starting Socket activation for snappy daemon.
[[0;32m  OK  [0m] Started Daily Cleanup of Temporary Directories.
[[0;32m  OK  [0m] Reached target Timers.
[[0;32m  OK  [0m] Reached target Paths.
         Starting LXD - unix socket.
[[0;32m  OK  [0m] Listening on D-Bus System Message Bus Socket.
[[0;32m  OK  [0m] Reached target Cloud-config availability.
[[0;32m  OK  [0m] Reached target Network is Online.
         Starting Availability of block devices...
[[0;32m  OK  [0m] Reached target Remote File Systems (Pre).
         Mounting /vagrant...
[[0;32m  OK  [0m] Listening on Socket activation for snappy daemon.
[[0;32m  OK  [0m] Listening on LXD - unix socket.
[[0;32m  OK  [0m] Reached target Sockets.
[[0;32m  OK  [0m] Reached target Basic System.
         Starting Login Service...
         Starting A high performance web server and a reverse proxy server...
         Starting Virtualbox guest utils...
[[0;32m  OK  [0m] Started D-Bus System Message Bus.
         Starting LXD - container startup/shutdown...
[[0;32m  OK  [0m] Started Regular background program processing daemon.
[[0;32m  OK  [0m] Started FUSE filesystem for LXC.
         Starting OpenBSD Secure Shell server...
         Starting System Logging Service...
         Starting LSB: Record successful boot for GRUB...
         Starting Dispatcher daemon for systemd-networkd...
[[0;32m  OK  [0m] Started irqbalance daemon.
[[0;32m  OK  [0m] Started Deferred execution scheduler.
         Starting Accounts Service...
         Starting Snap Daemon...
[[0;32m  OK  [0m] Started System Logging Service.
[[0;32m  OK  [0m] Started Availability of block devices.
[[0;32m  OK  [0m] Mounted /vagrant.
[[0;32m  OK  [0m] Started OpenBSD Secure Shell server.
[[0;32m  OK  [0m] Started Login Service.
[[0;32m  OK  [0m] Started Unattended Upgrades Shutdown.
[[0;32m  OK  [0m] Reached target Remote File Systems.
         Starting Permit User Sessions...
         Starting LSB: automatic crash report generation...
[[0;32m  OK  [0m] Started Permit User Sessions.
         Starting Hold until boot process finishes up...
         Starting Terminate Plymouth Boot Screen...
[[0;32m  OK  [0m] Started Hold until boot process finishes up.
         Starting Set console scheme...
[[0;32m  OK  [0m] Started Serial Getty on ttyS0.
[[0;32m  OK  [0m] Started Terminate Plymouth Boot Screen.
[[0;32m  OK  [0m] Started A high performance web server and a reverse proxy server.
[[0;32m  OK  [0m] Started Set console scheme.
[[0;32m  OK  [0m] Created slice system-getty.slice.
[[0;32m  OK  [0m] Started Getty on tty1.
[[0;32m  OK  [0m] Reached target Login Prompts.
[[0;32m  OK  [0m] Started Virtualbox guest utils.
[[0;32m  OK  [0m] Started LSB: Record successful boot for GRUB.
         Starting Authorization Manager...
[[0;32m  OK  [0m] Started LXD - container startup/shutdown.
[[0;32m  OK  [0m] Started LSB: automatic crash report generation.
[[0;32m  OK  [0m] Started Authorization Manager.
[[0;32m  OK  [0m] Started Accounts Service.
[[0;32m  OK  [0m] Started Dispatcher daemon for systemd-networkd.
[[0;32m  OK  [0m] Started Snap Daemon.
         Starting Wait until snapd is fully seeded...
         Starting Time & Date Service...
[[0;32m  OK  [0m] Started Time & Date Service.
[[0;32m  OK  [0m] Started Wait until snapd is fully seeded.
         Starting Apply the settings specified in cloud-config...
[   15.464930] cloud-init[1108]: Cloud-init v. 22.2-0ubuntu1~18.04.3 running 'modules:config' at Tue, 11 Oct 2022 01:44:09 +0000. Up 15.39 seconds.
[[0;32m  OK  [0m] Started Apply the settings specified in cloud-config.
[[0;32m  OK  [0m] Reached target Multi-User System.
[[0;32m  OK  [0m] Reached target Graphical Interface.
         Starting Update UTMP about System Runlevel Changes...
         Starting Execute cloud user/final scripts...
[[0;32m  OK  [0m] Started Update UTMP about System Runlevel Changes.
[   15.842560] cloud-init[1151]: Cloud-init v. 22.2-0ubuntu1~18.04.3 running 'modules:final' at Tue, 11 Oct 2022 01:44:09 +0000. Up 15.75 seconds.
[   15.844407] cloud-init[1151]: Cloud-init v. 22.2-0ubuntu1~18.04.3 finished at Tue, 11 Oct 2022 01:44:09 +0000. Datasource DataSourceNoCloud [seed=/dev/sdb][dsmode=net].  Up 15.83 seconds
[[0;32m  OK  [0m] Started Execute cloud user/final scripts.
[[0;32m  OK  [0m] Reached target Cloud-init target.

Ubuntu 18.04.6 LTS ubuntu-bionic ttyS0

ubuntu-bionic login: [[0;32m  OK  [0m] Stopped target Cloud-init target.
[[0;32m  OK  [0m] Stopped Execute cloud user/final scripts.
         Stopping Session 5 of user vagrant.
[[0;32m  OK  [0m] Stopped target Graphical Interface.
         Stopping Accounts Service...
[[0;32m  OK  [0m] Stopped target Multi-User System.
         Stopping Regular background program processing daemon...
         Stopping LXD - container startup/shutdown...
[[0;32m  OK  [0m] Stopped target Timers.
[[0;32m  OK  [0m] Stopped Ubuntu Advantage Timer for running repeated jobs.
[[0;32m  OK  [0m] Stopped Message of the Day.
         Stopping OpenBSD Secure Shell server...
         Stopping A high performance web server and a reverse proxy server...
         Stopping LSB: Record successful boot for GRUB...
[[0;32m  OK  [0m] Stopped Discard unused blocks once a week.
         Stopping irqbalance daemon...
         Stopping Dispatcher daemon for systemd-networkd...
[[0;32m  OK  [0m] Stopped target Login Prompts.
         Stopping Serial Getty on ttyS0...
[[0;32m  OK  [0m] Stopped Apply the settings specified in cloud-config.
[[0;32m  OK  [0m] Stopped Wait until snapd is fully seeded.
[[0;32m  OK  [0m] Stopped target Cloud-config availability.
         Stopping Virtualbox guest utils...
[[0;32m  OK  [0m] Stopped Daily Cleanup of Temporary Directories.
         Stopping Deferred execution scheduler...
         Stopping User Manager for UID 1000...
         Stopping FUSE filesystem for LXC...
         Stopping D-Bus System Message Bus...
         Stopping Authorization Manager...
         Stopping Availability of block devices...
[[0;32m  OK  [0m] Stopped target Host and Network Name Lookups.
         Stopping System Logging Service...
[[0;32m  OK  [0m] Closed Load/Save RF Kill Switch Status /dev/rfkill Watch.
         Stopping Getty on tty1...
         Stopping LSB: automatic crash report generation...
[[0;32m  OK  [0m] Stopped Daily apt upgrade and clean activities.
[[0;32m  OK  [0m] Stopped Daily apt download activities.
[[0;32m  OK  [0m] Stopped target System Time Synchronized.
[[0;32m  OK  [0m] Unmounted /var/lib/lxcfs.
[[0;32m  OK  [0m] Stopped Regular background program processing daemon.
[[0;32m  OK  [0m] Stopped System Logging Service.
[[0;32m  OK  [0m] Stopped Dispatcher daemon for systemd-networkd.
[[0;32m  OK  [0m] Stopped irqbalance daemon.
[[0;32m  OK  [0m] Stopped Deferred execution scheduler.
[[0;32m  OK  [0m] Stopped Accounts Service.
[[0;32m  OK  [0m] Stopped OpenBSD Secure Shell server.
[[0;32m  OK  [0m] Stopped Serial Getty on ttyS0.
[[0;32m  OK  [0m] Stopped Getty on tty1.
[[0;32m  OK  [0m] Stopped Authorization Manager.
[[0;32m  OK  [0m] Stopped User Manager for UID 1000.
[[0;32m  OK  [0m] Stopped A high performance web server and a reverse proxy server.
[[0;32m  OK  [0m] Stopped D-Bus System Message Bus.
[[0;32m  OK  [0m] Stopped FUSE filesystem for LXC.
[[0;32m  OK  [0m] Stopped Session 5 of user vagrant.
[[0;32m  OK  [0m] Stopped LXD - container startup/shutdown.
[[0;32m  OK  [0m] Stopped LSB: Record successful boot for GRUB.
[[0;32m  OK  [0m] Removed slice User Slice of vagrant.
         Stopping Login Service...
[[0;32m  OK  [0m] Removed slice system-getty.slice.
         Stopping Permit User Sessions...
[[0;32m  OK  [0m] Removed slice system-serial\x2dgetty.slice.
[[0;32m  OK  [0m] Stopped Permit User Sessions.
[[0;32m  OK  [0m] Stopped LSB: automatic crash report generation.
[[0;32m  OK  [0m] Stopped target Remote File Systems.
         Unmounting /vagrant...
[[0;32m  OK  [0m] Stopped Virtualbox guest utils.
[[0;32m  OK  [0m] Stopped Availability of block devices.
[[0;32m  OK  [0m] Unmounted /vagrant.
[[0;32m  OK  [0m] Stopped target Network is Online.
[[0;32m  OK  [0m] Stopped target Remote File Systems (Pre).
[[0;32m  OK  [0m] Stopped target Network.
         Stopping Network Name Resolution...
[[0;32m  OK  [0m] Stopped Login Service.
[[0;32m  OK  [0m] Stopped target Basic System.
[[0;32m  OK  [0m] Stopped target Sockets.
[[0;32m  OK  [0m] Closed Open-iSCSI iscsid Socket.
[[0;32m  OK  [0m] Closed UUID daemon activation socket.
[[0;32m  OK  [0m] Closed cloud-init hotplug hook socket.
[[0;32m  OK  [0m] Closed LXD - unix socket.
[[0;32m  OK  [0m] Closed D-Bus System Message Bus Socket.
[[0;32m  OK  [0m] Closed ACPID Listen Socket.
[[0;32m  OK  [0m] Closed Syslog Socket.
[[0;32m  OK  [0m] Closed Socket activation for snappy daemon.
[[0;32m  OK  [0m] Stopped target Slices.
[[0;32m  OK  [0m] Stopped target Paths.
[[0;32m  OK  [0m] Stopped ACPI Events Check.
[[0;32m  OK  [0m] Stopped target System Initialization.
         Stopping Load/Save Random Seed...
[[0;32m  OK  [0m] Stopped target Local Encrypted Volumes.
[[0;32m  OK  [0m] Stopped Dispatch Password Requests to Console Directory Watch.
[[0;32m  OK  [0m] Stopped Forward Password Requests to Wall Directory Watch.
[[0;32m  OK  [0m] Stopped Initial cloud-init job (metadata service crawler).
         Stopping Update UTMP about System Boot/Shutdown...
[[0;32m  OK  [0m] Stopped target User and Group Name Lookups.
[[0;32m  OK  [0m] Removed slice User and Session Slice.
[[0;32m  OK  [0m] Stopped Network Name Resolution.
[[0;32m  OK  [0m] Stopped Load/Save Random Seed.
         Stopping Network Service...
[[0;32m  OK  [0m] Stopped Update UTMP about System Boot/Shutdown.
[[0;32m  OK  [0m] Stopped Create Volatile Files and Directories.
[[0;32m  OK  [0m] Stopped target Local File Systems.
         Unmounting /run/user/1000...
[[0;32m  OK  [0m] Unmounted /run/user/1000.
[[0;32m  OK  [0m] Reached target Unmount All Filesystems.
[[0;32m  OK  [0m] Stopped target Swap.
[[0;32m  OK  [0m] Stopped target Local File Systems (Pre).
[[0;32m  OK  [0m] Stopped Create Static Device Nodes in /dev.
         Stopping Monitoring of LVM2 mirrors…ng dmeventd or progress polling...
[[0;32m  OK  [0m] Stopped Monitoring of LVM2 mirrors,…sing dmeventd or progress polling.
         Stopping LVM2 metadata daemon...
[[0;32m  OK  [0m] Stopped LVM2 metadata daemon.
[[0;32m  OK  [0m] Stopped Network Service.
[[0;32m  OK  [0m] Stopped target Network (Pre).
[[0;32m  OK  [0m] Stopped Initial cloud-init job (pre-networking).
[[0;32m  OK  [0m] Stopped Remount Root and Kernel File Systems.
[[0;32m  OK  [0m] Stopped Apply Kernel Variables.
[[0;32m  OK  [0m] Stopped Load Kernel Modules.
[[0;32m  OK  [0m] Reached target Shutdown.
[[0;32m  OK  [0m] Reached target Final Step.
         Starting Power-Off...
[  105.431806] reboot: Power down
